#
# There is insufficient memory for the Java Runtime Environment to continue.
# Native memory allocation (malloc) failed to allocate 1868336 bytes for Chunk::new
# Possible reasons:
#   The system is out of physical RAM or swap space
#   The process is running with CompressedOops enabled, and the Java Heap may be blocking the growth of the native heap
# Possible solutions:
#   Reduce memory load on the system
#   Increase physical memory or swap space
#   Check if swap backing store is full
#   Decrease Java heap size (-Xmx/-Xms)
#   Decrease number of Java threads
#   Decrease Java thread stack sizes (-Xss)
#   Set larger code cache with -XX:ReservedCodeCacheSize=
#   JVM is running with Unscaled Compressed Oops mode in which the Java heap is
#     placed in the first 4GB address space. The Java Heap base address is the
#     maximum limit for the native heap growth. Please use -XX:HeapBaseMinAddress
#     to set the Java Heap base and to place the Java Heap above 4GB virtual address.
# This output file may be truncated or incomplete.
#
#  Out of Memory Error (arena.cpp:189), pid=32808, tid=25360
#
# JRE version: Java(TM) SE Runtime Environment (17.0.12+8) (build 17.0.12+8-LTS-286)
# Java VM: Java HotSpot(TM) 64-Bit Server VM (17.0.12+8-LTS-286, mixed mode, sharing, tiered, compressed oops, compressed class ptrs, g1 gc, windows-amd64)
# No core dump will be written. Minidumps are not enabled by default on client versions of Windows
#

---------------  S U M M A R Y ------------

Command Line: --add-opens=java.base/java.lang=ALL-UNNAMED --add-opens=java.base/java.lang.invoke=ALL-UNNAMED --add-opens=java.base/java.util=ALL-UNNAMED --add-opens=java.prefs/java.util.prefs=ALL-UNNAMED --add-exports=jdk.compiler/com.sun.tools.javac.api=ALL-UNNAMED --add-exports=jdk.compiler/com.sun.tools.javac.util=ALL-UNNAMED --add-opens=java.base/java.util=ALL-UNNAMED --add-opens=java.prefs/java.util.prefs=ALL-UNNAMED --add-opens=java.base/java.nio.charset=ALL-UNNAMED --add-opens=java.base/java.net=ALL-UNNAMED --add-opens=java.base/java.util.concurrent.atomic=ALL-UNNAMED --add-opens=java.xml/javax.xml.namespace=ALL-UNNAMED -Xmx2048m -Dfile.encoding=UTF-8 -Duser.country=IN -Duser.language=en -Duser.variant -javaagent:C:\Users\krish\.gradle\wrapper\dists\gradle-8.13-bin\5xuhj0ry160q40clulazy9h7d\gradle-8.13\lib\agents\gradle-instrumentation-agent-8.13.jar org.gradle.launcher.daemon.bootstrap.GradleDaemon 8.13

Host: 11th Gen Intel(R) Core(TM) i5-11260H @ 2.60GHz, 12 cores, 7G,  Windows 11 , 64 bit Build 26100 (10.0.26100.7920)
Time: Sun Mar  8 00:47:08 2026 India Standard Time elapsed time: 26.627113 seconds (0d 0h 0m 26s)

---------------  T H R E A D  ---------------

Current thread (0x0000021bafeeab70):  JavaThread "C2 CompilerThread0" daemon [_thread_in_native, id=25360, stack(0x000000dcf5e00000,0x000000dcf5f00000)]


Current CompileTask:
C2:  26628 10996       4       java.lang.Class::annotationData (44 bytes)

Stack: [0x000000dcf5e00000,0x000000dcf5f00000]
Native frames: (J=compiled Java code, j=interpreted, Vv=VM code, C=native code)
V  [jvm.dll+0x67a04a]
V  [jvm.dll+0x7da4ed]
V  [jvm.dll+0x7dbe33]
V  [jvm.dll+0x7dc4a3]
V  [jvm.dll+0x24508f]
V  [jvm.dll+0xab773]
V  [jvm.dll+0xabd3c]
V  [jvm.dll+0x361b9f]
V  [jvm.dll+0x32c431]
V  [jvm.dll+0x32b8ca]
V  [jvm.dll+0x21683f]
V  [jvm.dll+0x215c6f]
V  [jvm.dll+0x1a2960]
V  [jvm.dll+0x22610b]
V  [jvm.dll+0x2242ab]
V  [jvm.dll+0x79075c]
V  [jvm.dll+0x78abea]
V  [jvm.dll+0x678f35]
C  [ucrtbase.dll+0x37b0]
C  [KERNEL32.DLL+0x2e8d7]
C  [ntdll.dll+0x8c48c]


---------------  P R O C E S S  ---------------

Threads class SMR info:
_java_thread_list=0x0000021bfc0a2300, length=69, elements={
0x0000021b920eab30, 0x0000021bafece700, 0x0000021bafed01e0, 0x0000021bafee6440,
0x0000021bafee8d20, 0x0000021bafee95f0, 0x0000021bafee9ec0, 0x0000021bafeeab70,
0x0000021bafeeb530, 0x0000021baff09780, 0x0000021bb099ace0, 0x0000021bb0a51bb0,
0x0000021bf780e850, 0x0000021bf731d4c0, 0x0000021bf69d4dd0, 0x0000021bf6ce8c60,
0x0000021bf6ce9680, 0x0000021bf6ce9170, 0x0000021bf6ce7d30, 0x0000021bf6ce9b90,
0x0000021bf6cea0a0, 0x0000021bf6cea5b0, 0x0000021bf6ceaac0, 0x0000021bf6ce7310,
0x0000021bf6ce7820, 0x0000021bf7fe8d00, 0x0000021bf7fe9210, 0x0000021bf7feb070,
0x0000021bf7fe9720, 0x0000021bf7feab60, 0x0000021bf7fe7dd0, 0x0000021bf7feb580,
0x0000021bf7feba90, 0x0000021bf7febfa0, 0x0000021bf7fec9c0, 0x0000021bf7feed30,
0x0000021bf7fef240, 0x0000021bf7feced0, 0x0000021bf7fef750, 0x0000021bf7fed3e0,
0x0000021bf7fede00, 0x0000021bf7fee310, 0x0000021bf7fec4b0, 0x0000021bf7fee820,
0x0000021bfa13c300, 0x0000021bfa13e670, 0x0000021bfa13aec0, 0x0000021bfa13b8e0,
0x0000021bfa13c810, 0x0000021bfa13eb80, 0x0000021bfa13bdf0, 0x0000021bfa13cd20,
0x0000021bfa13d230, 0x0000021bfa13b3d0, 0x0000021bfa13ffc0, 0x0000021bfa140ef0,
0x0000021bfa13dc50, 0x0000021bfa13f090, 0x0000021bfa13f5a0, 0x0000021bfa1404d0,
0x0000021bfa13fab0, 0x0000021bfa1409e0, 0x0000021bfa13d740, 0x0000021bfa141400,
0x0000021bfa141910, 0x0000021bfa142840, 0x0000021bfa141e20, 0x0000021bfb4ede60,
0x0000021bfb4ef2a0
}

Java Threads: ( => current thread )
  0x0000021b920eab30 JavaThread "main" [_thread_blocked, id=32280, stack(0x000000dcf5100000,0x000000dcf5200000)]
  0x0000021bafece700 JavaThread "Reference Handler" daemon [_thread_blocked, id=17204, stack(0x000000dcf5800000,0x000000dcf5900000)]
  0x0000021bafed01e0 JavaThread "Finalizer" daemon [_thread_blocked, id=12468, stack(0x000000dcf5900000,0x000000dcf5a00000)]
  0x0000021bafee6440 JavaThread "Signal Dispatcher" daemon [_thread_blocked, id=10136, stack(0x000000dcf5a00000,0x000000dcf5b00000)]
  0x0000021bafee8d20 JavaThread "Attach Listener" daemon [_thread_blocked, id=23336, stack(0x000000dcf5b00000,0x000000dcf5c00000)]
  0x0000021bafee95f0 JavaThread "Service Thread" daemon [_thread_blocked, id=7996, stack(0x000000dcf5c00000,0x000000dcf5d00000)]
  0x0000021bafee9ec0 JavaThread "Monitor Deflation Thread" daemon [_thread_blocked, id=28588, stack(0x000000dcf5d00000,0x000000dcf5e00000)]
=>0x0000021bafeeab70 JavaThread "C2 CompilerThread0" daemon [_thread_in_native, id=25360, stack(0x000000dcf5e00000,0x000000dcf5f00000)]
  0x0000021bafeeb530 JavaThread "C1 CompilerThread0" daemon [_thread_blocked, id=12840, stack(0x000000dcf5f00000,0x000000dcf6000000)]
  0x0000021baff09780 JavaThread "Sweeper thread" daemon [_thread_blocked, id=28072, stack(0x000000dcf6000000,0x000000dcf6100000)]
  0x0000021bb099ace0 JavaThread "Common-Cleaner" daemon [_thread_blocked, id=17356, stack(0x000000dcf6100000,0x000000dcf6200000)]
  0x0000021bb0a51bb0 JavaThread "Notification Thread" daemon [_thread_blocked, id=11740, stack(0x000000dcf6200000,0x000000dcf6300000)]
  0x0000021bf780e850 JavaThread "Daemon health stats" [_thread_blocked, id=10856, stack(0x000000dcf6900000,0x000000dcf6a00000)]
  0x0000021bf731d4c0 JavaThread "Incoming local TCP Connector on port 58360" [_thread_in_native, id=13092, stack(0x000000dcf6a00000,0x000000dcf6b00000)]
  0x0000021bf69d4dd0 JavaThread "Daemon periodic checks" [_thread_blocked, id=9836, stack(0x000000dcf6b00000,0x000000dcf6c00000)]
  0x0000021bf6ce8c60 JavaThread "Daemon" [_thread_blocked, id=15048, stack(0x000000dcf6c00000,0x000000dcf6d00000)]
  0x0000021bf6ce9680 JavaThread "Handler for socket connection from /127.0.0.1:58360 to /127.0.0.1:56448" [_thread_in_native, id=14188, stack(0x000000dcf6d00000,0x000000dcf6e00000)]
  0x0000021bf6ce9170 JavaThread "Cancel handler" [_thread_blocked, id=14204, stack(0x000000dcf6e00000,0x000000dcf6f00000)]
  0x0000021bf6ce7d30 JavaThread "Daemon worker" [_thread_in_vm, id=2996, stack(0x000000dcf6f00000,0x000000dcf7000000)]
  0x0000021bf6ce9b90 JavaThread "Asynchronous log dispatcher for DefaultDaemonConnection: socket connection from /127.0.0.1:58360 to /127.0.0.1:56448" [_thread_blocked, id=21984, stack(0x000000dcf7000000,0x000000dcf7100000)]
  0x0000021bf6cea0a0 JavaThread "Stdin handler" [_thread_blocked, id=13752, stack(0x000000dcf7100000,0x000000dcf7200000)]
  0x0000021bf6cea5b0 JavaThread "Daemon client event forwarder" [_thread_blocked, id=33748, stack(0x000000dcf7200000,0x000000dcf7300000)]
  0x0000021bf6ceaac0 JavaThread "Cache worker for journal cache (C:\Users\krish\.gradle\caches\journal-1)" [_thread_blocked, id=6504, stack(0x000000dcf7300000,0x000000dcf7400000)]
  0x0000021bf6ce7310 JavaThread "File lock request listener" [_thread_in_native, id=12812, stack(0x000000dcf7400000,0x000000dcf7500000)]
  0x0000021bf6ce7820 JavaThread "Cache worker for file hash cache (C:\Users\krish\.gradle\caches\8.13\fileHashes)" [_thread_blocked, id=31700, stack(0x000000dcf7500000,0x000000dcf7600000)]
  0x0000021bf7fe8d00 JavaThread "Cache worker for file hash cache (C:\Users\krish\AndroidStudioProjects\ZeroStorage\.gradle\8.13\fileHashes)" [_thread_blocked, id=11884, stack(0x000000dcf7a00000,0x000000dcf7b00000)]
  0x0000021bf7fe9210 JavaThread "Cache worker for Build Output Cleanup Cache (C:\Users\krish\AndroidStudioProjects\ZeroStorage\.gradle\buildOutputCleanup)" [_thread_blocked, id=28080, stack(0x000000dcf7b00000,0x000000dcf7c00000)]
  0x0000021bf7feb070 JavaThread "File watcher server" daemon [_thread_in_native, id=24756, stack(0x000000dcf7e00000,0x000000dcf7f00000)]
  0x0000021bf7fe9720 JavaThread "File watcher consumer" daemon [_thread_blocked, id=30216, stack(0x000000dcf7f00000,0x000000dcf8000000)]
  0x0000021bf7feab60 JavaThread "Cache worker for checksums cache (C:\Users\krish\AndroidStudioProjects\ZeroStorage\.gradle\8.13\checksums)" [_thread_blocked, id=12052, stack(0x000000dcf8000000,0x000000dcf8100000)]
  0x0000021bf7fe7dd0 JavaThread "Cache worker for file content cache (C:\Users\krish\.gradle\caches\8.13\fileContent)" [_thread_blocked, id=17628, stack(0x000000dcf8100000,0x000000dcf8200000)]
  0x0000021bf7feb580 JavaThread "Cache worker for cache directory md-supplier (C:\Users\krish\.gradle\caches\8.13\md-supplier)" [_thread_blocked, id=9412, stack(0x000000dcf8200000,0x000000dcf8300000)]
  0x0000021bf7feba90 JavaThread "Cache worker for cache directory md-rule (C:\Users\krish\.gradle\caches\8.13\md-rule)" [_thread_blocked, id=20016, stack(0x000000dcf8300000,0x000000dcf8400000)]
  0x0000021bf7febfa0 JavaThread "File lock release action executor" [_thread_blocked, id=10872, stack(0x000000dcf8400000,0x000000dcf8500000)]
  0x0000021bf7fec9c0 JavaThread "Unconstrained build operations" [_thread_blocked, id=10772, stack(0x000000dcf8500000,0x000000dcf8600000)]
  0x0000021bf7feed30 JavaThread "Unconstrained build operations Thread 2" [_thread_blocked, id=16796, stack(0x000000dcf8600000,0x000000dcf8700000)]
  0x0000021bf7fef240 JavaThread "Unconstrained build operations Thread 3" [_thread_blocked, id=30768, stack(0x000000dcf8700000,0x000000dcf8800000)]
  0x0000021bf7feced0 JavaThread "Unconstrained build operations Thread 4" [_thread_blocked, id=6576, stack(0x000000dcf8800000,0x000000dcf8900000)]
  0x0000021bf7fef750 JavaThread "Unconstrained build operations Thread 5" [_thread_blocked, id=15804, stack(0x000000dcf8900000,0x000000dcf8a00000)]
  0x0000021bf7fed3e0 JavaThread "Unconstrained build operations Thread 6" [_thread_blocked, id=27624, stack(0x000000dcf8a00000,0x000000dcf8b00000)]
  0x0000021bf7fede00 JavaThread "Unconstrained build operations Thread 7" [_thread_blocked, id=6748, stack(0x000000dcf8b00000,0x000000dcf8c00000)]
  0x0000021bf7fee310 JavaThread "Unconstrained build operations Thread 8" [_thread_blocked, id=23268, stack(0x000000dcf8c00000,0x000000dcf8d00000)]
  0x0000021bf7fec4b0 JavaThread "Unconstrained build operations Thread 9" [_thread_blocked, id=30940, stack(0x000000dcf8d00000,0x000000dcf8e00000)]
  0x0000021bf7fee820 JavaThread "Unconstrained build operations Thread 10" [_thread_blocked, id=15616, stack(0x000000dcf8e00000,0x000000dcf8f00000)]
  0x0000021bfa13c300 JavaThread "Unconstrained build operations Thread 11" [_thread_blocked, id=9992, stack(0x000000dcf8f00000,0x000000dcf9000000)]
  0x0000021bfa13e670 JavaThread "Unconstrained build operations Thread 12" [_thread_blocked, id=29916, stack(0x000000dcf9000000,0x000000dcf9100000)]
  0x0000021bfa13aec0 JavaThread "Unconstrained build operations Thread 13" [_thread_blocked, id=29584, stack(0x000000dcf9100000,0x000000dcf9200000)]
  0x0000021bfa13b8e0 JavaThread "Unconstrained build operations Thread 14" [_thread_blocked, id=11880, stack(0x000000dcf9200000,0x000000dcf9300000)]
  0x0000021bfa13c810 JavaThread "Unconstrained build operations Thread 15" [_thread_blocked, id=17180, stack(0x000000dcf9300000,0x000000dcf9400000)]
  0x0000021bfa13eb80 JavaThread "Unconstrained build operations Thread 16" [_thread_blocked, id=18952, stack(0x000000dcf9400000,0x000000dcf9500000)]
  0x0000021bfa13bdf0 JavaThread "Unconstrained build operations Thread 17" [_thread_blocked, id=33376, stack(0x000000dcf9500000,0x000000dcf9600000)]
  0x0000021bfa13cd20 JavaThread "Unconstrained build operations Thread 18" [_thread_blocked, id=27084, stack(0x000000dcf9600000,0x000000dcf9700000)]
  0x0000021bfa13d230 JavaThread "Unconstrained build operations Thread 19" [_thread_blocked, id=11388, stack(0x000000dcf9700000,0x000000dcf9800000)]
  0x0000021bfa13b3d0 JavaThread "Unconstrained build operations Thread 20" [_thread_blocked, id=24400, stack(0x000000dcf9800000,0x000000dcf9900000)]
  0x0000021bfa13ffc0 JavaThread "Unconstrained build operations Thread 21" [_thread_blocked, id=19028, stack(0x000000dcf9900000,0x000000dcf9a00000)]
  0x0000021bfa140ef0 JavaThread "Unconstrained build operations Thread 22" [_thread_blocked, id=26396, stack(0x000000dcf9a00000,0x000000dcf9b00000)]
  0x0000021bfa13dc50 JavaThread "Unconstrained build operations Thread 23" [_thread_blocked, id=20928, stack(0x000000dcf9b00000,0x000000dcf9c00000)]
  0x0000021bfa13f090 JavaThread "Unconstrained build operations Thread 24" [_thread_blocked, id=12308, stack(0x000000dcf9c00000,0x000000dcf9d00000)]
  0x0000021bfa13f5a0 JavaThread "Unconstrained build operations Thread 25" [_thread_blocked, id=32168, stack(0x000000dcf9d00000,0x000000dcf9e00000)]
  0x0000021bfa1404d0 JavaThread "Unconstrained build operations Thread 26" [_thread_blocked, id=8352, stack(0x000000dcf9e00000,0x000000dcf9f00000)]
  0x0000021bfa13fab0 JavaThread "Unconstrained build operations Thread 27" [_thread_blocked, id=18836, stack(0x000000dcf9f00000,0x000000dcfa000000)]
  0x0000021bfa1409e0 JavaThread "Unconstrained build operations Thread 28" [_thread_blocked, id=14088, stack(0x000000dcfa000000,0x000000dcfa100000)]
  0x0000021bfa13d740 JavaThread "Unconstrained build operations Thread 29" [_thread_blocked, id=32048, stack(0x000000dcfa100000,0x000000dcfa200000)]
  0x0000021bfa141400 JavaThread "Unconstrained build operations Thread 30" [_thread_blocked, id=27460, stack(0x000000dcfa200000,0x000000dcfa300000)]
  0x0000021bfa141910 JavaThread "Unconstrained build operations Thread 31" [_thread_blocked, id=12528, stack(0x000000dcfa300000,0x000000dcfa400000)]
  0x0000021bfa142840 JavaThread "Unconstrained build operations Thread 32" [_thread_blocked, id=13044, stack(0x000000dcfa400000,0x000000dcfa500000)]
  0x0000021bfa141e20 JavaThread "Unconstrained build operations Thread 33" [_thread_blocked, id=24988, stack(0x000000dcfa500000,0x000000dcfa600000)]
  0x0000021bfb4ede60 JavaThread "Memory manager" [_thread_blocked, id=25976, stack(0x000000dcfa600000,0x000000dcfa700000)]
  0x0000021bfb4ef2a0 JavaThread "build event listener" [_thread_blocked, id=26236, stack(0x000000dcfa700000,0x000000dcfa800000)]

Other Threads:
  0x0000021bafecc0b0 VMThread "VM Thread" [stack: 0x000000dcf5700000,0x000000dcf5800000] [id=21756]
  0x0000021b920eb600 WatcherThread [stack: 0x000000dcf6300000,0x000000dcf6400000] [id=28608]
  0x0000021b92146fb0 GCTaskThread "GC Thread#0" [stack: 0x000000dcf5200000,0x000000dcf5300000] [id=15080]
  0x0000021bf6278900 GCTaskThread "GC Thread#1" [stack: 0x000000dcf6400000,0x000000dcf6500000] [id=29648]
  0x0000021bf6352db0 GCTaskThread "GC Thread#2" [stack: 0x000000dcf6500000,0x000000dcf6600000] [id=28164]
  0x0000021bf632a690 GCTaskThread "GC Thread#3" [stack: 0x000000dcf6600000,0x000000dcf6700000] [id=23444]
  0x0000021bf717acd0 GCTaskThread "GC Thread#4" [stack: 0x000000dcf6700000,0x000000dcf6800000] [id=13016]
  0x0000021bf7aa2190 GCTaskThread "GC Thread#5" [stack: 0x000000dcf6800000,0x000000dcf6900000] [id=8584]
  0x0000021bf737d670 GCTaskThread "GC Thread#6" [stack: 0x000000dcf7600000,0x000000dcf7700000] [id=25928]
  0x0000021bf8797ff0 GCTaskThread "GC Thread#7" [stack: 0x000000dcf7700000,0x000000dcf7800000] [id=24096]
  0x0000021bf8798ac0 GCTaskThread "GC Thread#8" [stack: 0x000000dcf7800000,0x000000dcf7900000] [id=32800]
  0x0000021bf7ccc4b0 GCTaskThread "GC Thread#9" [stack: 0x000000dcf7900000,0x000000dcf7a00000] [id=31720]
  0x0000021b92159830 ConcurrentGCThread "G1 Main Marker" [stack: 0x000000dcf5300000,0x000000dcf5400000] [id=7452]
  0x0000021b92159ff0 ConcurrentGCThread "G1 Conc#0" [stack: 0x000000dcf5400000,0x000000dcf5500000] [id=16420]
  0x0000021bf84ae870 ConcurrentGCThread "G1 Conc#1" [stack: 0x000000dcf7c00000,0x000000dcf7d00000] [id=14540]
  0x0000021bf81a6a80 ConcurrentGCThread "G1 Conc#2" [stack: 0x000000dcf7d00000,0x000000dcf7e00000] [id=16872]
  0x0000021b921ad7a0 ConcurrentGCThread "G1 Refine#0" [stack: 0x000000dcf5500000,0x000000dcf5600000] [id=25208]
  0x0000021b921adf80 ConcurrentGCThread "G1 Service" [stack: 0x000000dcf5600000,0x000000dcf5700000] [id=16516]

Threads with active compile tasks:
C2 CompilerThread0    26825 10996       4       java.lang.Class::annotationData (44 bytes)
C1 CompilerThread0    26825 11089       3       com.sun.xml.bind.v2.model.impl.ClassInfoImpl::getProperties (355 bytes)

VM state: not at safepoint (normal execution)

VM Mutex/Monitor currently owned by a thread:  ([mutex/lock_event])
[0x0000021b920e7920] CodeCache_lock - owner thread: 0x0000021bafeeb530
[0x0000021b920e8340] Compile_lock - owner thread: 0x0000021bafeeb530
[0x0000021b920e87c0] MethodCompileQueue_lock - owner thread: 0x0000000000000000

Heap address: 0x0000000080000000, size: 2048 MB, Compressed Oops mode: 32-bit

CDS archive(s) mapped at: [0x0000021bb1000000-0x0000021bb1bd0000-0x0000021bb1bd0000), size 12386304, SharedBaseAddress: 0x0000021bb1000000, ArchiveRelocationMode: 1.
Compressed class space mapped at: 0x0000021bb2000000-0x0000021bf2000000, reserved size: 1073741824
Narrow klass base: 0x0000021bb1000000, Narrow klass shift: 0, Narrow klass range: 0x100000000

GC Precious Log:
 CPUs: 12 total, 12 available
 Memory: 7913M
 Large Page Support: Disabled
 NUMA Support: Disabled
 Compressed Oops: Enabled (32-bit)
 Heap Region Size: 1M
 Heap Min Capacity: 8M
 Heap Initial Capacity: 124M
 Heap Max Capacity: 2G
 Pre-touch: Disabled
 Parallel Workers: 10
 Concurrent Workers: 3
 Concurrent Refinement Workers: 10
 Periodic GC: Disabled

Heap:
 garbage-first heap   total 234496K, used 95385K [0x0000000080000000, 0x0000000100000000)
  region size 1024K, 11 young (11264K), 9 survivors (9216K)
 Metaspace       used 87985K, committed 88768K, reserved 1179648K
  class space    used 12383K, committed 12800K, reserved 1048576K

Heap Regions: E=young(eden), S=young(survivor), O=old, HS=humongous(starts), HC=humongous(continues), CS=collection set, F=free, OA=open archive, CA=closed archive, TAMS=top-at-mark-start (previous, next)
|   0|0x0000000080000000, 0x0000000080100000, 0x0000000080100000|100%|HS|  |TAMS 0x0000000080100000, 0x0000000080100000| Complete 
|   1|0x0000000080100000, 0x0000000080200000, 0x0000000080200000|100%|HC|  |TAMS 0x0000000080200000, 0x0000000080200000| Complete 
|   2|0x0000000080200000, 0x0000000080300000, 0x0000000080300000|100%|HC|  |TAMS 0x0000000080300000, 0x0000000080300000| Complete 
|   3|0x0000000080300000, 0x0000000080400000, 0x0000000080400000|100%| O|  |TAMS 0x0000000080400000, 0x0000000080400000| Untracked 
|   4|0x0000000080400000, 0x0000000080500000, 0x0000000080500000|100%| O|  |TAMS 0x0000000080500000, 0x0000000080500000| Untracked 
|   5|0x0000000080500000, 0x0000000080600000, 0x0000000080600000|100%| O|  |TAMS 0x0000000080600000, 0x0000000080600000| Untracked 
|   6|0x0000000080600000, 0x0000000080700000, 0x0000000080700000|100%|HS|  |TAMS 0x0000000080700000, 0x0000000080700000| Complete 
|   7|0x0000000080700000, 0x0000000080800000, 0x0000000080800000|100%| O|  |TAMS 0x0000000080800000, 0x0000000080800000| Untracked 
|   8|0x0000000080800000, 0x0000000080900000, 0x0000000080900000|100%| O|  |TAMS 0x0000000080900000, 0x0000000080900000| Untracked 
|   9|0x0000000080900000, 0x0000000080a00000, 0x0000000080a00000|100%| O|  |TAMS 0x0000000080a00000, 0x0000000080a00000| Untracked 
|  10|0x0000000080a00000, 0x0000000080b00000, 0x0000000080b00000|100%| O|  |TAMS 0x0000000080b00000, 0x0000000080b00000| Untracked 
|  11|0x0000000080b00000, 0x0000000080c00000, 0x0000000080c00000|100%| O|  |TAMS 0x0000000080c00000, 0x0000000080c00000| Untracked 
|  12|0x0000000080c00000, 0x0000000080d00000, 0x0000000080d00000|100%| O|  |TAMS 0x0000000080d00000, 0x0000000080d00000| Untracked 
|  13|0x0000000080d00000, 0x0000000080e00000, 0x0000000080e00000|100%| O|  |TAMS 0x0000000080e00000, 0x0000000080e00000| Untracked 
|  14|0x0000000080e00000, 0x0000000080f00000, 0x0000000080f00000|100%| O|  |TAMS 0x0000000080f00000, 0x0000000080f00000| Untracked 
|  15|0x0000000080f00000, 0x0000000081000000, 0x0000000081000000|100%| O|  |TAMS 0x0000000081000000, 0x0000000081000000| Untracked 
|  16|0x0000000081000000, 0x0000000081100000, 0x0000000081100000|100%| O|  |TAMS 0x0000000081100000, 0x0000000081100000| Untracked 
|  17|0x0000000081100000, 0x0000000081200000, 0x0000000081200000|100%| O|  |TAMS 0x0000000081200000, 0x0000000081200000| Untracked 
|  18|0x0000000081200000, 0x0000000081300000, 0x0000000081300000|100%| O|  |TAMS 0x0000000081300000, 0x0000000081300000| Untracked 
|  19|0x0000000081300000, 0x0000000081400000, 0x0000000081400000|100%| O|  |TAMS 0x0000000081400000, 0x0000000081400000| Untracked 
|  20|0x0000000081400000, 0x0000000081500000, 0x0000000081500000|100%| O|  |TAMS 0x0000000081500000, 0x0000000081500000| Untracked 
|  21|0x0000000081500000, 0x0000000081600000, 0x0000000081600000|100%| O|  |TAMS 0x0000000081500000, 0x0000000081600000| Untracked 
|  22|0x0000000081600000, 0x0000000081700000, 0x0000000081700000|100%| O|  |TAMS 0x0000000081700000, 0x0000000081700000| Untracked 
|  23|0x0000000081700000, 0x0000000081800000, 0x0000000081800000|100%| O|  |TAMS 0x0000000081800000, 0x0000000081800000| Untracked 
|  24|0x0000000081800000, 0x0000000081900000, 0x0000000081900000|100%| O|  |TAMS 0x0000000081900000, 0x0000000081900000| Untracked 
|  25|0x0000000081900000, 0x0000000081a00000, 0x0000000081a00000|100%| O|  |TAMS 0x0000000081a00000, 0x0000000081a00000| Untracked 
|  26|0x0000000081a00000, 0x0000000081b00000, 0x0000000081b00000|100%| O|  |TAMS 0x0000000081b00000, 0x0000000081b00000| Untracked 
|  27|0x0000000081b00000, 0x0000000081c00000, 0x0000000081c00000|100%| O|  |TAMS 0x0000000081c00000, 0x0000000081c00000| Untracked 
|  28|0x0000000081c00000, 0x0000000081d00000, 0x0000000081d00000|100%| O|  |TAMS 0x0000000081d00000, 0x0000000081d00000| Untracked 
|  29|0x0000000081d00000, 0x0000000081e00000, 0x0000000081e00000|100%| O|  |TAMS 0x0000000081e00000, 0x0000000081e00000| Untracked 
|  30|0x0000000081e00000, 0x0000000081f00000, 0x0000000081f00000|100%| O|  |TAMS 0x0000000081f00000, 0x0000000081f00000| Untracked 
|  31|0x0000000081f00000, 0x0000000082000000, 0x0000000082000000|100%| O|  |TAMS 0x0000000082000000, 0x0000000082000000| Untracked 
|  32|0x0000000082000000, 0x0000000082100000, 0x0000000082100000|100%| O|  |TAMS 0x0000000082100000, 0x0000000082100000| Untracked 
|  33|0x0000000082100000, 0x0000000082200000, 0x0000000082200000|100%| O|  |TAMS 0x0000000082200000, 0x0000000082200000| Untracked 
|  34|0x0000000082200000, 0x0000000082300000, 0x0000000082300000|100%| O|  |TAMS 0x0000000082300000, 0x0000000082300000| Untracked 
|  35|0x0000000082300000, 0x0000000082400000, 0x0000000082400000|100%| O|  |TAMS 0x0000000082400000, 0x0000000082400000| Untracked 
|  36|0x0000000082400000, 0x0000000082500000, 0x0000000082500000|100%| O|  |TAMS 0x0000000082500000, 0x0000000082500000| Untracked 
|  37|0x0000000082500000, 0x0000000082600000, 0x0000000082600000|100%| O|  |TAMS 0x0000000082600000, 0x0000000082600000| Untracked 
|  38|0x0000000082600000, 0x0000000082700000, 0x0000000082700000|100%| O|  |TAMS 0x0000000082700000, 0x0000000082700000| Untracked 
|  39|0x0000000082700000, 0x0000000082800000, 0x0000000082800000|100%| O|  |TAMS 0x0000000082800000, 0x0000000082800000| Untracked 
|  40|0x0000000082800000, 0x0000000082900000, 0x0000000082900000|100%| O|  |TAMS 0x0000000082900000, 0x0000000082900000| Untracked 
|  41|0x0000000082900000, 0x0000000082a00000, 0x0000000082a00000|100%| O|  |TAMS 0x0000000082900000, 0x0000000082900000| Untracked 
|  42|0x0000000082a00000, 0x0000000082b00000, 0x0000000082b00000|100%|HS|  |TAMS 0x0000000082b00000, 0x0000000082b00000| Complete 
|  43|0x0000000082b00000, 0x0000000082c00000, 0x0000000082c00000|100%|HS|  |TAMS 0x0000000082c00000, 0x0000000082c00000| Complete 
|  44|0x0000000082c00000, 0x0000000082d00000, 0x0000000082d00000|100%|HS|  |TAMS 0x0000000082d00000, 0x0000000082d00000| Complete 
|  45|0x0000000082d00000, 0x0000000082e00000, 0x0000000082e00000|100%|HC|  |TAMS 0x0000000082e00000, 0x0000000082e00000| Complete 
|  46|0x0000000082e00000, 0x0000000082f00000, 0x0000000082f00000|100%|HS|  |TAMS 0x0000000082f00000, 0x0000000082f00000| Complete 
|  47|0x0000000082f00000, 0x0000000083000000, 0x0000000083000000|100%|HC|  |TAMS 0x0000000083000000, 0x0000000083000000| Complete 
|  48|0x0000000083000000, 0x0000000083100000, 0x0000000083100000|100%|HS|  |TAMS 0x0000000083100000, 0x0000000083100000| Complete 
|  49|0x0000000083100000, 0x0000000083200000, 0x0000000083200000|100%|HC|  |TAMS 0x0000000083200000, 0x0000000083200000| Complete 
|  50|0x0000000083200000, 0x0000000083300000, 0x0000000083300000|100%|HC|  |TAMS 0x0000000083300000, 0x0000000083300000| Complete 
|  51|0x0000000083300000, 0x0000000083400000, 0x0000000083400000|100%|HS|  |TAMS 0x0000000083400000, 0x0000000083400000| Complete 
|  52|0x0000000083400000, 0x0000000083500000, 0x0000000083500000|100%|HS|  |TAMS 0x0000000083500000, 0x0000000083500000| Complete 
|  53|0x0000000083500000, 0x0000000083600000, 0x0000000083600000|100%| O|  |TAMS 0x0000000083600000, 0x0000000083600000| Untracked 
|  54|0x0000000083600000, 0x0000000083700000, 0x0000000083700000|100%|HS|  |TAMS 0x0000000083700000, 0x0000000083700000| Complete 
|  55|0x0000000083700000, 0x0000000083800000, 0x0000000083800000|100%|HS|  |TAMS 0x0000000083800000, 0x0000000083800000| Complete 
|  56|0x0000000083800000, 0x0000000083900000, 0x0000000083900000|100%| O|  |TAMS 0x0000000083900000, 0x0000000083900000| Untracked 
|  57|0x0000000083900000, 0x0000000083a00000, 0x0000000083a00000|100%| O|  |TAMS 0x0000000083a00000, 0x0000000083a00000| Untracked 
|  58|0x0000000083a00000, 0x0000000083b00000, 0x0000000083b00000|100%| O|  |TAMS 0x0000000083b00000, 0x0000000083b00000| Untracked 
|  59|0x0000000083b00000, 0x0000000083c00000, 0x0000000083c00000|100%| O|  |TAMS 0x0000000083c00000, 0x0000000083c00000| Untracked 
|  60|0x0000000083c00000, 0x0000000083d00000, 0x0000000083d00000|100%| O|  |TAMS 0x0000000083d00000, 0x0000000083d00000| Untracked 
|  61|0x0000000083d00000, 0x0000000083e00000, 0x0000000083e00000|100%| O|  |TAMS 0x0000000083e00000, 0x0000000083e00000| Untracked 
|  62|0x0000000083e00000, 0x0000000083f00000, 0x0000000083f00000|100%|HS|  |TAMS 0x0000000083f00000, 0x0000000083f00000| Complete 
|  63|0x0000000083f00000, 0x0000000084000000, 0x0000000084000000|100%| O|  |TAMS 0x0000000084000000, 0x0000000084000000| Untracked 
|  64|0x0000000084000000, 0x0000000084100000, 0x0000000084100000|100%| O|  |TAMS 0x0000000084035200, 0x0000000084100000| Untracked 
|  65|0x0000000084100000, 0x0000000084200000, 0x0000000084200000|100%| O|  |TAMS 0x0000000084200000, 0x0000000084200000| Untracked 
|  66|0x0000000084200000, 0x0000000084300000, 0x0000000084300000|100%| O|  |TAMS 0x0000000084200000, 0x0000000084300000| Untracked 
|  67|0x0000000084300000, 0x0000000084400000, 0x0000000084400000|100%| O|  |TAMS 0x0000000084400000, 0x0000000084400000| Untracked 
|  68|0x0000000084400000, 0x0000000084500000, 0x0000000084500000|100%| O|  |TAMS 0x0000000084500000, 0x0000000084500000| Untracked 
|  69|0x0000000084500000, 0x0000000084600000, 0x0000000084600000|100%| O|  |TAMS 0x0000000084600000, 0x0000000084600000| Untracked 
|  70|0x0000000084600000, 0x0000000084700000, 0x0000000084700000|100%| O|  |TAMS 0x0000000084700000, 0x0000000084700000| Untracked 
|  71|0x0000000084700000, 0x0000000084800000, 0x0000000084800000|100%| O|  |TAMS 0x0000000084800000, 0x0000000084800000| Untracked 
|  72|0x0000000084800000, 0x0000000084900000, 0x0000000084900000|100%| O|  |TAMS 0x0000000084900000, 0x0000000084900000| Untracked 
|  73|0x0000000084900000, 0x0000000084a00000, 0x0000000084a00000|100%| O|  |TAMS 0x0000000084900000, 0x0000000084968a00| Untracked 
|  74|0x0000000084a00000, 0x0000000084b00000, 0x0000000084b00000|100%|HS|  |TAMS 0x0000000084a00000, 0x0000000084a00000| Complete 
|  75|0x0000000084b00000, 0x0000000084c00000, 0x0000000084c00000|100%|HC|  |TAMS 0x0000000084b00000, 0x0000000084b00000| Complete 
|  76|0x0000000084c00000, 0x0000000084d00000, 0x0000000084d00000|100%|HC|  |TAMS 0x0000000084c00000, 0x0000000084c00000| Complete 
|  77|0x0000000084d00000, 0x0000000084e00000, 0x0000000084e00000|100%| O|  |TAMS 0x0000000084d00000, 0x0000000084d00000| Untracked 
|  78|0x0000000084e00000, 0x0000000084f00000, 0x0000000084f00000|100%| O|  |TAMS 0x0000000084e00000, 0x0000000084e00000| Untracked 
|  79|0x0000000084f00000, 0x0000000085000000, 0x0000000085000000|100%| O|  |TAMS 0x0000000084f00000, 0x0000000084f00000| Untracked 
|  80|0x0000000085000000, 0x0000000085100000, 0x0000000085100000|100%| O|  |TAMS 0x0000000085000000, 0x0000000085000000| Untracked 
|  81|0x0000000085100000, 0x0000000085200000, 0x0000000085200000|100%| O|  |TAMS 0x0000000085100000, 0x0000000085100000| Untracked 
|  82|0x0000000085200000, 0x00000000852a5000, 0x0000000085300000| 64%| O|  |TAMS 0x0000000085200000, 0x0000000085200000| Untracked 
|  83|0x0000000085300000, 0x0000000085300000, 0x0000000085400000|  0%| F|  |TAMS 0x0000000085300000, 0x0000000085300000| Untracked 
|  84|0x0000000085400000, 0x0000000085400000, 0x0000000085500000|  0%| F|  |TAMS 0x0000000085400000, 0x0000000085400000| Untracked 
|  85|0x0000000085500000, 0x0000000085500000, 0x0000000085600000|  0%| F|  |TAMS 0x0000000085500000, 0x0000000085500000| Untracked 
|  86|0x0000000085600000, 0x0000000085600000, 0x0000000085700000|  0%| F|  |TAMS 0x0000000085600000, 0x0000000085600000| Untracked 
|  87|0x0000000085700000, 0x0000000085700000, 0x0000000085800000|  0%| F|  |TAMS 0x0000000085700000, 0x0000000085700000| Untracked 
|  88|0x0000000085800000, 0x0000000085800000, 0x0000000085900000|  0%| F|  |TAMS 0x0000000085800000, 0x0000000085800000| Untracked 
|  89|0x0000000085900000, 0x0000000085900000, 0x0000000085a00000|  0%| F|  |TAMS 0x0000000085900000, 0x0000000085900000| Untracked 
|  90|0x0000000085a00000, 0x0000000085a00000, 0x0000000085b00000|  0%| F|  |TAMS 0x0000000085a00000, 0x0000000085a00000| Untracked 
|  91|0x0000000085b00000, 0x0000000085b00000, 0x0000000085c00000|  0%| F|  |TAMS 0x0000000085b00000, 0x0000000085b00000| Untracked 
|  92|0x0000000085c00000, 0x0000000085c00000, 0x0000000085d00000|  0%| F|  |TAMS 0x0000000085c00000, 0x0000000085c00000| Untracked 
|  93|0x0000000085d00000, 0x0000000085d00000, 0x0000000085e00000|  0%| F|  |TAMS 0x0000000085d00000, 0x0000000085d00000| Untracked 
|  94|0x0000000085e00000, 0x0000000085e00000, 0x0000000085f00000|  0%| F|  |TAMS 0x0000000085e00000, 0x0000000085e00000| Untracked 
|  95|0x0000000085f00000, 0x0000000085f00000, 0x0000000086000000|  0%| F|  |TAMS 0x0000000085f00000, 0x0000000085f00000| Untracked 
|  96|0x0000000086000000, 0x0000000086000000, 0x0000000086100000|  0%| F|  |TAMS 0x0000000086000000, 0x0000000086000000| Untracked 
|  97|0x0000000086100000, 0x0000000086100000, 0x0000000086200000|  0%| F|  |TAMS 0x0000000086100000, 0x0000000086100000| Untracked 
|  98|0x0000000086200000, 0x0000000086200000, 0x0000000086300000|  0%| F|  |TAMS 0x0000000086200000, 0x0000000086200000| Untracked 
|  99|0x0000000086300000, 0x0000000086300000, 0x0000000086400000|  0%| F|  |TAMS 0x0000000086300000, 0x0000000086300000| Untracked 
| 100|0x0000000086400000, 0x0000000086400000, 0x0000000086500000|  0%| F|  |TAMS 0x0000000086400000, 0x0000000086400000| Untracked 
| 101|0x0000000086500000, 0x0000000086500000, 0x0000000086600000|  0%| F|  |TAMS 0x0000000086500000, 0x0000000086500000| Untracked 
| 102|0x0000000086600000, 0x0000000086600000, 0x0000000086700000|  0%| F|  |TAMS 0x0000000086600000, 0x0000000086600000| Untracked 
| 103|0x0000000086700000, 0x0000000086700000, 0x0000000086800000|  0%| F|  |TAMS 0x0000000086700000, 0x0000000086700000| Untracked 
| 104|0x0000000086800000, 0x0000000086800000, 0x0000000086900000|  0%| F|  |TAMS 0x0000000086800000, 0x0000000086800000| Untracked 
| 105|0x0000000086900000, 0x0000000086900000, 0x0000000086a00000|  0%| F|  |TAMS 0x0000000086900000, 0x0000000086900000| Untracked 
| 106|0x0000000086a00000, 0x0000000086a00000, 0x0000000086b00000|  0%| F|  |TAMS 0x0000000086a00000, 0x0000000086a00000| Untracked 
| 107|0x0000000086b00000, 0x0000000086b00000, 0x0000000086c00000|  0%| F|  |TAMS 0x0000000086b00000, 0x0000000086b00000| Untracked 
| 108|0x0000000086c00000, 0x0000000086c81540, 0x0000000086d00000| 50%| S|CS|TAMS 0x0000000086c00000, 0x0000000086c00000| Complete 
| 109|0x0000000086d00000, 0x0000000086e00000, 0x0000000086e00000|100%| S|CS|TAMS 0x0000000086d00000, 0x0000000086d00000| Complete 
| 110|0x0000000086e00000, 0x0000000086f00000, 0x0000000086f00000|100%| S|CS|TAMS 0x0000000086e00000, 0x0000000086e00000| Complete 
| 111|0x0000000086f00000, 0x0000000087000000, 0x0000000087000000|100%| S|CS|TAMS 0x0000000086f00000, 0x0000000086f00000| Complete 
| 112|0x0000000087000000, 0x0000000087100000, 0x0000000087100000|100%| S|CS|TAMS 0x0000000087000000, 0x0000000087000000| Complete 
| 113|0x0000000087100000, 0x0000000087200000, 0x0000000087200000|100%| S|CS|TAMS 0x0000000087100000, 0x0000000087100000| Complete 
| 114|0x0000000087200000, 0x0000000087300000, 0x0000000087300000|100%| S|CS|TAMS 0x0000000087200000, 0x0000000087200000| Complete 
| 115|0x0000000087300000, 0x0000000087300000, 0x0000000087400000|  0%| F|  |TAMS 0x0000000087300000, 0x0000000087300000| Untracked 
| 116|0x0000000087400000, 0x0000000087400000, 0x0000000087500000|  0%| F|  |TAMS 0x0000000087400000, 0x0000000087400000| Untracked 
| 117|0x0000000087500000, 0x0000000087500000, 0x0000000087600000|  0%| F|  |TAMS 0x0000000087500000, 0x0000000087500000| Untracked 
| 118|0x0000000087600000, 0x0000000087600000, 0x0000000087700000|  0%| F|  |TAMS 0x0000000087600000, 0x0000000087600000| Untracked 
| 119|0x0000000087700000, 0x0000000087700000, 0x0000000087800000|  0%| F|  |TAMS 0x0000000087700000, 0x0000000087700000| Untracked 
| 120|0x0000000087800000, 0x0000000087800000, 0x0000000087900000|  0%| F|  |TAMS 0x0000000087800000, 0x0000000087800000| Untracked 
| 121|0x0000000087900000, 0x0000000087900000, 0x0000000087a00000|  0%| F|  |TAMS 0x0000000087900000, 0x0000000087900000| Untracked 
| 122|0x0000000087a00000, 0x0000000087a00000, 0x0000000087b00000|  0%| F|  |TAMS 0x0000000087a00000, 0x0000000087a00000| Untracked 
| 123|0x0000000087b00000, 0x0000000087b00000, 0x0000000087c00000|  0%| F|  |TAMS 0x0000000087b00000, 0x0000000087b00000| Untracked 
| 124|0x0000000087c00000, 0x0000000087c00000, 0x0000000087d00000|  0%| F|  |TAMS 0x0000000087c00000, 0x0000000087c00000| Untracked 
| 125|0x0000000087d00000, 0x0000000087d00000, 0x0000000087e00000|  0%| F|  |TAMS 0x0000000087d00000, 0x0000000087d00000| Untracked 
| 126|0x0000000087e00000, 0x0000000087f00000, 0x0000000087f00000|100%| S|CS|TAMS 0x0000000087e00000, 0x0000000087e00000| Complete 
| 127|0x0000000087f00000, 0x0000000088000000, 0x0000000088000000|100%| S|CS|TAMS 0x0000000087f00000, 0x0000000087f00000| Complete 
| 128|0x0000000088000000, 0x0000000088000000, 0x0000000088100000|  0%| F|  |TAMS 0x0000000088000000, 0x0000000088000000| Untracked 
| 129|0x0000000088100000, 0x0000000088100000, 0x0000000088200000|  0%| F|  |TAMS 0x0000000088100000, 0x0000000088100000| Untracked 
| 130|0x0000000088200000, 0x0000000088200000, 0x0000000088300000|  0%| F|  |TAMS 0x0000000088200000, 0x0000000088200000| Untracked 
| 131|0x0000000088300000, 0x0000000088300000, 0x0000000088400000|  0%| F|  |TAMS 0x0000000088300000, 0x0000000088300000| Untracked 
| 132|0x0000000088400000, 0x0000000088400000, 0x0000000088500000|  0%| F|  |TAMS 0x0000000088400000, 0x0000000088400000| Untracked 
| 133|0x0000000088500000, 0x0000000088500000, 0x0000000088600000|  0%| F|  |TAMS 0x0000000088500000, 0x0000000088500000| Untracked 
| 134|0x0000000088600000, 0x0000000088600000, 0x0000000088700000|  0%| F|  |TAMS 0x0000000088600000, 0x0000000088600000| Untracked 
| 135|0x0000000088700000, 0x0000000088700000, 0x0000000088800000|  0%| F|  |TAMS 0x0000000088700000, 0x0000000088700000| Untracked 
| 136|0x0000000088800000, 0x0000000088800000, 0x0000000088900000|  0%| F|  |TAMS 0x0000000088800000, 0x0000000088800000| Untracked 
| 137|0x0000000088900000, 0x0000000088900000, 0x0000000088a00000|  0%| F|  |TAMS 0x0000000088900000, 0x0000000088900000| Untracked 
| 138|0x0000000088a00000, 0x0000000088a00000, 0x0000000088b00000|  0%| F|  |TAMS 0x0000000088a00000, 0x0000000088a00000| Untracked 
| 139|0x0000000088b00000, 0x0000000088b00000, 0x0000000088c00000|  0%| F|  |TAMS 0x0000000088b00000, 0x0000000088b00000| Untracked 
| 140|0x0000000088c00000, 0x0000000088c00000, 0x0000000088d00000|  0%| F|  |TAMS 0x0000000088c00000, 0x0000000088c00000| Untracked 
| 141|0x0000000088d00000, 0x0000000088d00000, 0x0000000088e00000|  0%| F|  |TAMS 0x0000000088d00000, 0x0000000088d00000| Untracked 
| 142|0x0000000088e00000, 0x0000000088e00000, 0x0000000088f00000|  0%| F|  |TAMS 0x0000000088e00000, 0x0000000088e00000| Untracked 
| 143|0x0000000088f00000, 0x0000000088f00000, 0x0000000089000000|  0%| F|  |TAMS 0x0000000088f00000, 0x0000000088f00000| Untracked 
| 144|0x0000000089000000, 0x0000000089000000, 0x0000000089100000|  0%| F|  |TAMS 0x0000000089000000, 0x0000000089000000| Untracked 
| 145|0x0000000089100000, 0x0000000089100000, 0x0000000089200000|  0%| F|  |TAMS 0x0000000089100000, 0x0000000089100000| Untracked 
| 146|0x0000000089200000, 0x0000000089200000, 0x0000000089300000|  0%| F|  |TAMS 0x0000000089200000, 0x0000000089200000| Untracked 
| 147|0x0000000089300000, 0x0000000089300000, 0x0000000089400000|  0%| F|  |TAMS 0x0000000089300000, 0x0000000089300000| Untracked 
| 148|0x0000000089400000, 0x0000000089400000, 0x0000000089500000|  0%| F|  |TAMS 0x0000000089400000, 0x0000000089400000| Untracked 
| 149|0x0000000089500000, 0x0000000089500000, 0x0000000089600000|  0%| F|  |TAMS 0x0000000089500000, 0x0000000089500000| Untracked 
| 150|0x0000000089600000, 0x0000000089600000, 0x0000000089700000|  0%| F|  |TAMS 0x0000000089600000, 0x0000000089600000| Untracked 
| 151|0x0000000089700000, 0x0000000089700000, 0x0000000089800000|  0%| F|  |TAMS 0x0000000089700000, 0x0000000089700000| Untracked 
| 152|0x0000000089800000, 0x0000000089800000, 0x0000000089900000|  0%| F|  |TAMS 0x0000000089800000, 0x0000000089800000| Untracked 
| 153|0x0000000089900000, 0x0000000089900000, 0x0000000089a00000|  0%| F|  |TAMS 0x0000000089900000, 0x0000000089900000| Untracked 
| 154|0x0000000089a00000, 0x0000000089a00000, 0x0000000089b00000|  0%| F|  |TAMS 0x0000000089a00000, 0x0000000089a00000| Untracked 
| 155|0x0000000089b00000, 0x0000000089b00000, 0x0000000089c00000|  0%| F|  |TAMS 0x0000000089b00000, 0x0000000089b00000| Untracked 
| 156|0x0000000089c00000, 0x0000000089c00000, 0x0000000089d00000|  0%| F|  |TAMS 0x0000000089c00000, 0x0000000089c00000| Untracked 
| 157|0x0000000089d00000, 0x0000000089d00000, 0x0000000089e00000|  0%| F|  |TAMS 0x0000000089d00000, 0x0000000089d00000| Untracked 
| 158|0x0000000089e00000, 0x0000000089e00000, 0x0000000089f00000|  0%| F|  |TAMS 0x0000000089e00000, 0x0000000089e00000| Untracked 
| 159|0x0000000089f00000, 0x0000000089f00000, 0x000000008a000000|  0%| F|  |TAMS 0x0000000089f00000, 0x0000000089f00000| Untracked 
| 160|0x000000008a000000, 0x000000008a000000, 0x000000008a100000|  0%| F|  |TAMS 0x000000008a000000, 0x000000008a000000| Untracked 
| 161|0x000000008a100000, 0x000000008a100000, 0x000000008a200000|  0%| F|  |TAMS 0x000000008a100000, 0x000000008a100000| Untracked 
| 162|0x000000008a200000, 0x000000008a200000, 0x000000008a300000|  0%| F|  |TAMS 0x000000008a200000, 0x000000008a200000| Untracked 
| 163|0x000000008a300000, 0x000000008a300000, 0x000000008a400000|  0%| F|  |TAMS 0x000000008a300000, 0x000000008a300000| Untracked 
| 164|0x000000008a400000, 0x000000008a400000, 0x000000008a500000|  0%| F|  |TAMS 0x000000008a400000, 0x000000008a400000| Untracked 
| 165|0x000000008a500000, 0x000000008a500000, 0x000000008a600000|  0%| F|  |TAMS 0x000000008a500000, 0x000000008a500000| Untracked 
| 166|0x000000008a600000, 0x000000008a600000, 0x000000008a700000|  0%| F|  |TAMS 0x000000008a600000, 0x000000008a600000| Untracked 
| 167|0x000000008a700000, 0x000000008a700000, 0x000000008a800000|  0%| F|  |TAMS 0x000000008a700000, 0x000000008a700000| Untracked 
| 168|0x000000008a800000, 0x000000008a800000, 0x000000008a900000|  0%| F|  |TAMS 0x000000008a800000, 0x000000008a800000| Untracked 
| 169|0x000000008a900000, 0x000000008a900000, 0x000000008aa00000|  0%| F|  |TAMS 0x000000008a900000, 0x000000008a900000| Untracked 
| 170|0x000000008aa00000, 0x000000008aa00000, 0x000000008ab00000|  0%| F|  |TAMS 0x000000008aa00000, 0x000000008aa00000| Untracked 
| 171|0x000000008ab00000, 0x000000008ab00000, 0x000000008ac00000|  0%| F|  |TAMS 0x000000008ab00000, 0x000000008ab00000| Untracked 
| 172|0x000000008ac00000, 0x000000008ac00000, 0x000000008ad00000|  0%| F|  |TAMS 0x000000008ac00000, 0x000000008ac00000| Untracked 
| 173|0x000000008ad00000, 0x000000008ad00000, 0x000000008ae00000|  0%| F|  |TAMS 0x000000008ad00000, 0x000000008ad00000| Untracked 
| 174|0x000000008ae00000, 0x000000008ae00000, 0x000000008af00000|  0%| F|  |TAMS 0x000000008ae00000, 0x000000008ae00000| Untracked 
| 175|0x000000008af00000, 0x000000008af00000, 0x000000008b000000|  0%| F|  |TAMS 0x000000008af00000, 0x000000008af00000| Untracked 
| 176|0x000000008b000000, 0x000000008b000000, 0x000000008b100000|  0%| F|  |TAMS 0x000000008b000000, 0x000000008b000000| Untracked 
| 177|0x000000008b100000, 0x000000008b100000, 0x000000008b200000|  0%| F|  |TAMS 0x000000008b100000, 0x000000008b100000| Untracked 
| 178|0x000000008b200000, 0x000000008b200000, 0x000000008b300000|  0%| F|  |TAMS 0x000000008b200000, 0x000000008b200000| Untracked 
| 179|0x000000008b300000, 0x000000008b300000, 0x000000008b400000|  0%| F|  |TAMS 0x000000008b300000, 0x000000008b300000| Untracked 
| 180|0x000000008b400000, 0x000000008b400000, 0x000000008b500000|  0%| F|  |TAMS 0x000000008b400000, 0x000000008b400000| Untracked 
| 181|0x000000008b500000, 0x000000008b500000, 0x000000008b600000|  0%| F|  |TAMS 0x000000008b500000, 0x000000008b500000| Untracked 
| 182|0x000000008b600000, 0x000000008b600000, 0x000000008b700000|  0%| F|  |TAMS 0x000000008b600000, 0x000000008b600000| Untracked 
| 183|0x000000008b700000, 0x000000008b700000, 0x000000008b800000|  0%| F|  |TAMS 0x000000008b700000, 0x000000008b700000| Untracked 
| 184|0x000000008b800000, 0x000000008b800000, 0x000000008b900000|  0%| F|  |TAMS 0x000000008b800000, 0x000000008b800000| Untracked 
| 185|0x000000008b900000, 0x000000008b900000, 0x000000008ba00000|  0%| F|  |TAMS 0x000000008b900000, 0x000000008b900000| Untracked 
| 186|0x000000008ba00000, 0x000000008ba00000, 0x000000008bb00000|  0%| F|  |TAMS 0x000000008ba00000, 0x000000008ba00000| Untracked 
| 187|0x000000008bb00000, 0x000000008bb00000, 0x000000008bc00000|  0%| F|  |TAMS 0x000000008bb00000, 0x000000008bb00000| Untracked 
| 188|0x000000008bc00000, 0x000000008bc00000, 0x000000008bd00000|  0%| F|  |TAMS 0x000000008bc00000, 0x000000008bc00000| Untracked 
| 189|0x000000008bd00000, 0x000000008bd00000, 0x000000008be00000|  0%| F|  |TAMS 0x000000008bd00000, 0x000000008bd00000| Untracked 
| 190|0x000000008be00000, 0x000000008be00000, 0x000000008bf00000|  0%| F|  |TAMS 0x000000008be00000, 0x000000008be00000| Untracked 
| 191|0x000000008bf00000, 0x000000008bf00000, 0x000000008c000000|  0%| F|  |TAMS 0x000000008bf00000, 0x000000008bf00000| Untracked 
| 192|0x000000008c000000, 0x000000008c000000, 0x000000008c100000|  0%| F|  |TAMS 0x000000008c000000, 0x000000008c000000| Untracked 
| 193|0x000000008c100000, 0x000000008c100000, 0x000000008c200000|  0%| F|  |TAMS 0x000000008c100000, 0x000000008c100000| Untracked 
| 194|0x000000008c200000, 0x000000008c200000, 0x000000008c300000|  0%| F|  |TAMS 0x000000008c200000, 0x000000008c200000| Untracked 
| 195|0x000000008c300000, 0x000000008c300000, 0x000000008c400000|  0%| F|  |TAMS 0x000000008c300000, 0x000000008c300000| Untracked 
| 196|0x000000008c400000, 0x000000008c400000, 0x000000008c500000|  0%| F|  |TAMS 0x000000008c400000, 0x000000008c400000| Untracked 
| 197|0x000000008c500000, 0x000000008c500000, 0x000000008c600000|  0%| F|  |TAMS 0x000000008c500000, 0x000000008c500000| Untracked 
| 198|0x000000008c600000, 0x000000008c600000, 0x000000008c700000|  0%| F|  |TAMS 0x000000008c600000, 0x000000008c600000| Untracked 
| 199|0x000000008c700000, 0x000000008c700000, 0x000000008c800000|  0%| F|  |TAMS 0x000000008c700000, 0x000000008c700000| Untracked 
| 200|0x000000008c800000, 0x000000008c800000, 0x000000008c900000|  0%| F|  |TAMS 0x000000008c800000, 0x000000008c800000| Untracked 
| 201|0x000000008c900000, 0x000000008c900000, 0x000000008ca00000|  0%| F|  |TAMS 0x000000008c900000, 0x000000008c900000| Untracked 
| 202|0x000000008ca00000, 0x000000008ca00000, 0x000000008cb00000|  0%| F|  |TAMS 0x000000008ca00000, 0x000000008ca00000| Untracked 
| 203|0x000000008cb00000, 0x000000008cb00000, 0x000000008cc00000|  0%| F|  |TAMS 0x000000008cb00000, 0x000000008cb00000| Untracked 
| 204|0x000000008cc00000, 0x000000008cc00000, 0x000000008cd00000|  0%| F|  |TAMS 0x000000008cc00000, 0x000000008cc00000| Untracked 
| 205|0x000000008cd00000, 0x000000008cd00000, 0x000000008ce00000|  0%| F|  |TAMS 0x000000008cd00000, 0x000000008cd00000| Untracked 
| 206|0x000000008ce00000, 0x000000008ce00000, 0x000000008cf00000|  0%| F|  |TAMS 0x000000008ce00000, 0x000000008ce00000| Untracked 
| 207|0x000000008cf00000, 0x000000008cf00000, 0x000000008d000000|  0%| F|  |TAMS 0x000000008cf00000, 0x000000008cf00000| Untracked 
| 208|0x000000008d000000, 0x000000008d000000, 0x000000008d100000|  0%| F|  |TAMS 0x000000008d000000, 0x000000008d000000| Untracked 
| 209|0x000000008d100000, 0x000000008d100000, 0x000000008d200000|  0%| F|  |TAMS 0x000000008d100000, 0x000000008d100000| Untracked 
| 210|0x000000008d200000, 0x000000008d200000, 0x000000008d300000|  0%| F|  |TAMS 0x000000008d200000, 0x000000008d200000| Untracked 
| 211|0x000000008d300000, 0x000000008d300000, 0x000000008d400000|  0%| F|  |TAMS 0x000000008d300000, 0x000000008d300000| Untracked 
| 212|0x000000008d400000, 0x000000008d400000, 0x000000008d500000|  0%| F|  |TAMS 0x000000008d400000, 0x000000008d400000| Untracked 
| 213|0x000000008d500000, 0x000000008d500000, 0x000000008d600000|  0%| F|  |TAMS 0x000000008d500000, 0x000000008d500000| Untracked 
| 214|0x000000008d600000, 0x000000008d600000, 0x000000008d700000|  0%| F|  |TAMS 0x000000008d600000, 0x000000008d600000| Untracked 
| 215|0x000000008d700000, 0x000000008d700000, 0x000000008d800000|  0%| F|  |TAMS 0x000000008d700000, 0x000000008d700000| Untracked 
| 216|0x000000008d800000, 0x000000008d800000, 0x000000008d900000|  0%| F|  |TAMS 0x000000008d800000, 0x000000008d800000| Untracked 
| 217|0x000000008d900000, 0x000000008d900000, 0x000000008da00000|  0%| F|  |TAMS 0x000000008d900000, 0x000000008d900000| Untracked 
| 218|0x000000008da00000, 0x000000008da00000, 0x000000008db00000|  0%| F|  |TAMS 0x000000008da00000, 0x000000008da00000| Untracked 
| 219|0x000000008db00000, 0x000000008db00000, 0x000000008dc00000|  0%| F|  |TAMS 0x000000008db00000, 0x000000008db00000| Untracked 
| 220|0x000000008dc00000, 0x000000008dc00000, 0x000000008dd00000|  0%| F|  |TAMS 0x000000008dc00000, 0x000000008dc00000| Untracked 
| 221|0x000000008dd00000, 0x000000008dd00000, 0x000000008de00000|  0%| F|  |TAMS 0x000000008dd00000, 0x000000008dd00000| Untracked 
| 222|0x000000008de00000, 0x000000008de00000, 0x000000008df00000|  0%| F|  |TAMS 0x000000008de00000, 0x000000008de00000| Untracked 
| 223|0x000000008df00000, 0x000000008df00000, 0x000000008e000000|  0%| F|  |TAMS 0x000000008df00000, 0x000000008df00000| Untracked 
| 224|0x000000008e000000, 0x000000008e000000, 0x000000008e100000|  0%| F|  |TAMS 0x000000008e000000, 0x000000008e000000| Untracked 
| 225|0x000000008e100000, 0x000000008e100000, 0x000000008e200000|  0%| F|  |TAMS 0x000000008e100000, 0x000000008e100000| Untracked 
| 226|0x000000008e200000, 0x000000008e280800, 0x000000008e300000| 50%| E|  |TAMS 0x000000008e200000, 0x000000008e200000| Complete 
| 227|0x000000008e300000, 0x000000008e400000, 0x000000008e400000|100%| E|CS|TAMS 0x000000008e300000, 0x000000008e300000| Complete 
|2047|0x00000000fff00000, 0x0000000100000000, 0x0000000100000000|100%| O|  |TAMS 0x0000000100000000, 0x0000000100000000| Untracked 

Card table byte_map: [0x0000021ba92f0000,0x0000021ba96f0000] _byte_map_base: 0x0000021ba8ef0000

Marking Bits (Prev, Next): (CMBitMap*) 0x0000021b92148390, (CMBitMap*) 0x0000021b921483d0
 Prev Bits: [0x0000021ba9af0000, 0x0000021babaf0000)
 Next Bits: [0x0000021babaf0000, 0x0000021badaf0000)

Polling page: 0x0000021b90030000

Metaspace:

Usage:
  Non-class:     73.83 MB used.
      Class:     12.09 MB used.
       Both:     85.92 MB used.

Virtual space:
  Non-class space:      128.00 MB reserved,      74.19 MB ( 58%) committed,  2 nodes.
      Class space:        1.00 GB reserved,      12.50 MB (  1%) committed,  1 nodes.
             Both:        1.12 GB reserved,      86.69 MB (  8%) committed. 

Chunk freelists:
   Non-Class:  5.75 MB
       Class:  3.47 MB
        Both:  9.21 MB

MaxMetaspaceSize: unlimited
CompressedClassSpaceSize: 1.00 GB
Initial GC threshold: 21.00 MB
Current GC threshold: 104.69 MB
CDS: on
MetaspaceReclaimPolicy: balanced
 - commit_granule_bytes: 65536.
 - commit_granule_words: 8192.
 - virtual_space_node_default_size: 8388608.
 - enlarge_chunks_in_place: 1.
 - new_chunks_are_fully_committed: 0.
 - uncommit_free_chunks: 1.
 - use_allocation_guard: 0.
 - handle_deallocations: 1.


Internal statistics:

num_allocs_failed_limit: 6.
num_arena_births: 1152.
num_arena_deaths: 0.
num_vsnodes_births: 3.
num_vsnodes_deaths: 0.
num_space_committed: 1387.
num_space_uncommitted: 0.
num_chunks_returned_to_freelist: 6.
num_chunks_taken_from_freelist: 4879.
num_chunk_merges: 3.
num_chunk_splits: 3238.
num_chunks_enlarged: 2144.
num_inconsistent_stats: 0.

CodeHeap 'non-profiled nmethods': size=120000Kb used=5711Kb max_used=5711Kb free=114288Kb
 bounds [0x0000021ba1470000, 0x0000021ba1a10000, 0x0000021ba89a0000]
CodeHeap 'profiled nmethods': size=120000Kb used=17557Kb max_used=17653Kb free=102442Kb
 bounds [0x0000021b999a0000, 0x0000021b9aae0000, 0x0000021ba0ed0000]
CodeHeap 'non-nmethods': size=5760Kb used=1736Kb max_used=1789Kb free=4024Kb
 bounds [0x0000021ba0ed0000, 0x0000021ba1140000, 0x0000021ba1470000]
 total_blobs=10204 nmethods=9386 adapters=730
 compilation: enabled
              stopped_count=0, restarted_count=0
 full_count=0

Compilation events (20 events):
Event: 25.431 Thread 0x0000021bafeeb530 11074       3       com.sun.xml.bind.v2.model.nav.ReflectionNavigator::getSuperClass (22 bytes)
Event: 25.431 Thread 0x0000021bafeeb530 nmethod 11074 0x0000021b99d82490 code [0x0000021b99d82640, 0x0000021b99d82848]
Event: 25.432 Thread 0x0000021bafeeb530 11075       3       com.sun.xml.bind.v2.model.annotation.RuntimeInlineAnnotationReader::getMethodAnnotation (11 bytes)
Event: 25.433 Thread 0x0000021bafeeb530 nmethod 11075 0x0000021b9a1a3790 code [0x0000021b9a1a39e0, 0x0000021b9a1a4318]
Event: 25.433 Thread 0x0000021bafeeb530 11076       3       com.sun.xml.bind.v2.model.annotation.RuntimeInlineAnnotationReader::getMethodAnnotation (10 bytes)
Event: 25.434 Thread 0x0000021bafeeb530 nmethod 11076 0x0000021b9a1a2a90 code [0x0000021b9a1a2cc0, 0x0000021b9a1a3498]
Event: 25.438 Thread 0x0000021bafeeb530 11077       3       com.sun.xml.bind.v2.model.impl.ModelBuilder::getTypeInfo (116 bytes)
Event: 25.439 Thread 0x0000021bafeeb530 nmethod 11077 0x0000021b9a1a1210 code [0x0000021b9a1a14c0, 0x0000021b9a1a25f8]
Event: 25.439 Thread 0x0000021bafeeb530 11078       3       com.sun.xml.bind.v2.model.impl.RuntimeTypeInfoSetImpl::getTypeInfo (9 bytes)
Event: 25.439 Thread 0x0000021bafeeb530 nmethod 11078 0x0000021b9a1a0b90 code [0x0000021b9a1a0d40, 0x0000021b9a1a1108]
Event: 25.439 Thread 0x0000021bafeeb530 11079       3       com.sun.xml.bind.v2.model.impl.RuntimeTypeInfoSetImpl::getTypeInfo (9 bytes)
Event: 25.439 Thread 0x0000021bafeeb530 nmethod 11079 0x0000021b9a1a0690 code [0x0000021b9a1a0840, 0x0000021b9a1a0a88]
Event: 25.439 Thread 0x0000021bafeeb530 11080       3       com.sun.xml.bind.v2.model.impl.TypeInfoSetImpl::getTypeInfo (81 bytes)
Event: 25.439 Thread 0x0000021bafeeb530 nmethod 11080 0x0000021b9a19ee90 code [0x0000021b9a19f140, 0x0000021b9a1a0258]
Event: 25.439 Thread 0x0000021bafeeb530 11081       3       com.sun.xml.bind.v2.model.nav.ReflectionNavigator::isArray (9 bytes)
Event: 25.439 Thread 0x0000021bafeeb530 nmethod 11081 0x0000021b9a19e510 code [0x0000021b9a19e6e0, 0x0000021b9a19ed48]
Event: 25.439 Thread 0x0000021bafeeb530 11082       3       com.sun.xml.bind.v2.model.nav.ReflectionNavigator::isArray (28 bytes)
Event: 25.439 Thread 0x0000021bafeeb530 nmethod 11082 0x0000021b9a19dd10 code [0x0000021b9a19dee0, 0x0000021b9a19e408]
Event: 25.439 Thread 0x0000021bafeeb530 11083       1       com.sun.xml.bind.v2.model.impl.ElementPropertyInfoImpl::isValueList (5 bytes)
Event: 25.440 Thread 0x0000021bafeeb530 nmethod 11083 0x0000021ba1a02910 code [0x0000021ba1a02aa0, 0x0000021ba1a02b78]

GC Heap History (20 events):
Event: 10.857 GC heap before
{Heap before GC invocations=17 (full 0):
 garbage-first heap   total 129024K, used 116401K [0x0000000080000000, 0x0000000100000000)
  region size 1024K, 60 young (61440K), 5 survivors (5120K)
 Metaspace       used 54880K, committed 55488K, reserved 1114112K
  class space    used 7675K, committed 7936K, reserved 1048576K
}
Event: 10.863 GC heap after
{Heap after GC invocations=18 (full 0):
 garbage-first heap   total 130048K, used 66269K [0x0000000080000000, 0x0000000100000000)
  region size 1024K, 8 young (8192K), 8 survivors (8192K)
 Metaspace       used 54880K, committed 55488K, reserved 1114112K
  class space    used 7675K, committed 7936K, reserved 1048576K
}
Event: 12.122 GC heap before
{Heap before GC invocations=18 (full 0):
 garbage-first heap   total 130048K, used 102109K [0x0000000080000000, 0x0000000100000000)
  region size 1024K, 44 young (45056K), 8 survivors (8192K)
 Metaspace       used 58257K, committed 59008K, reserved 1114112K
  class space    used 8075K, committed 8448K, reserved 1048576K
}
Event: 12.127 GC heap after
{Heap after GC invocations=19 (full 0):
 garbage-first heap   total 130048K, used 67841K [0x0000000080000000, 0x0000000100000000)
  region size 1024K, 2 young (2048K), 2 survivors (2048K)
 Metaspace       used 58257K, committed 59008K, reserved 1114112K
  class space    used 8075K, committed 8448K, reserved 1048576K
}
Event: 12.857 GC heap before
{Heap before GC invocations=20 (full 0):
 garbage-first heap   total 130048K, used 109825K [0x0000000080000000, 0x0000000100000000)
  region size 1024K, 38 young (38912K), 2 survivors (2048K)
 Metaspace       used 61135K, committed 61824K, reserved 1114112K
  class space    used 8505K, committed 8832K, reserved 1048576K
}
Event: 12.861 GC heap after
{Heap after GC invocations=21 (full 0):
 garbage-first heap   total 130048K, used 72898K [0x0000000080000000, 0x0000000100000000)
  region size 1024K, 5 young (5120K), 5 survivors (5120K)
 Metaspace       used 61135K, committed 61824K, reserved 1114112K
  class space    used 8505K, committed 8832K, reserved 1048576K
}
Event: 12.874 GC heap before
{Heap before GC invocations=21 (full 0):
 garbage-first heap   total 130048K, used 73922K [0x0000000080000000, 0x0000000100000000)
  region size 1024K, 6 young (6144K), 5 survivors (5120K)
 Metaspace       used 61185K, committed 61824K, reserved 1114112K
  class space    used 8517K, committed 8832K, reserved 1048576K
}
Event: 12.877 GC heap after
{Heap after GC invocations=22 (full 0):
 garbage-first heap   total 130048K, used 73721K [0x0000000080000000, 0x0000000100000000)
  region size 1024K, 1 young (1024K), 1 survivors (1024K)
 Metaspace       used 61185K, committed 61824K, reserved 1114112K
  class space    used 8517K, committed 8832K, reserved 1048576K
}
Event: 13.345 GC heap before
{Heap before GC invocations=22 (full 0):
 garbage-first heap   total 130048K, used 105465K [0x0000000080000000, 0x0000000100000000)
  region size 1024K, 32 young (32768K), 1 survivors (1024K)
 Metaspace       used 63531K, committed 64192K, reserved 1114112K
  class space    used 8802K, committed 9088K, reserved 1048576K
}
Event: 13.347 GC heap after
{Heap after GC invocations=23 (full 0):
 garbage-first heap   total 130048K, used 74552K [0x0000000080000000, 0x0000000100000000)
  region size 1024K, 2 young (2048K), 2 survivors (2048K)
 Metaspace       used 63531K, committed 64192K, reserved 1114112K
  class space    used 8802K, committed 9088K, reserved 1048576K
}
Event: 13.810 GC heap before
{Heap before GC invocations=24 (full 0):
 garbage-first heap   total 130048K, used 106296K [0x0000000080000000, 0x0000000100000000)
  region size 1024K, 33 young (33792K), 2 survivors (2048K)
 Metaspace       used 65990K, committed 66624K, reserved 1114112K
  class space    used 9119K, committed 9408K, reserved 1048576K
}
Event: 13.812 GC heap after
{Heap after GC invocations=25 (full 0):
 garbage-first heap   total 130048K, used 75872K [0x0000000080000000, 0x0000000100000000)
  region size 1024K, 3 young (3072K), 3 survivors (3072K)
 Metaspace       used 65990K, committed 66624K, reserved 1114112K
  class space    used 9119K, committed 9408K, reserved 1048576K
}
Event: 13.850 GC heap before
{Heap before GC invocations=25 (full 0):
 garbage-first heap   total 130048K, used 78944K [0x0000000080000000, 0x0000000100000000)
  region size 1024K, 6 young (6144K), 3 survivors (3072K)
 Metaspace       used 66178K, committed 66816K, reserved 1114112K
  class space    used 9147K, committed 9472K, reserved 1048576K
}
Event: 13.854 GC heap after
{Heap after GC invocations=26 (full 0):
 garbage-first heap   total 130048K, used 75649K [0x0000000080000000, 0x0000000100000000)
  region size 1024K, 1 young (1024K), 1 survivors (1024K)
 Metaspace       used 66178K, committed 66816K, reserved 1114112K
  class space    used 9147K, committed 9472K, reserved 1048576K
}
Event: 14.318 GC heap before
{Heap before GC invocations=26 (full 0):
 garbage-first heap   total 130048K, used 82817K [0x0000000080000000, 0x0000000100000000)
  region size 1024K, 9 young (9216K), 1 survivors (1024K)
 Metaspace       used 67577K, committed 68288K, reserved 1114112K
  class space    used 9321K, committed 9664K, reserved 1048576K
}
Event: 14.321 GC heap after
{Heap after GC invocations=27 (full 0):
 garbage-first heap   total 234496K, used 75931K [0x0000000080000000, 0x0000000100000000)
  region size 1024K, 1 young (1024K), 1 survivors (1024K)
 Metaspace       used 67577K, committed 68288K, reserved 1114112K
  class space    used 9321K, committed 9664K, reserved 1048576K
}
Event: 18.666 GC heap before
{Heap before GC invocations=27 (full 0):
 garbage-first heap   total 234496K, used 194715K [0x0000000080000000, 0x0000000100000000)
  region size 1024K, 114 young (116736K), 1 survivors (1024K)
 Metaspace       used 73129K, committed 73856K, reserved 1114112K
  class space    used 10107K, committed 10432K, reserved 1048576K
}
Event: 18.686 GC heap after
{Heap after GC invocations=28 (full 0):
 garbage-first heap   total 234496K, used 85925K [0x0000000080000000, 0x0000000100000000)
  region size 1024K, 8 young (8192K), 8 survivors (8192K)
 Metaspace       used 73129K, committed 73856K, reserved 1114112K
  class space    used 10107K, committed 10432K, reserved 1048576K
}
Event: 22.117 GC heap before
{Heap before GC invocations=28 (full 0):
 garbage-first heap   total 234496K, used 191397K [0x0000000080000000, 0x0000000100000000)
  region size 1024K, 110 young (112640K), 8 survivors (8192K)
 Metaspace       used 80755K, committed 81472K, reserved 1179648K
  class space    used 11299K, committed 11648K, reserved 1048576K
}
Event: 22.127 GC heap after
{Heap after GC invocations=29 (full 0):
 garbage-first heap   total 234496K, used 89770K [0x0000000080000000, 0x0000000100000000)
  region size 1024K, 11 young (11264K), 11 survivors (11264K)
 Metaspace       used 80755K, committed 81472K, reserved 1179648K
  class space    used 11299K, committed 11648K, reserved 1048576K
}

Deoptimization events (20 events):
Event: 23.534 Thread 0x0000021bf6ce7d30 DEOPT PACKING pc=0x0000021ba18b713c sp=0x000000dcf6ff8870
Event: 23.534 Thread 0x0000021bf6ce7d30 DEOPT UNPACKING pc=0x0000021ba0f25ba3 sp=0x000000dcf6ff8868 mode 2
Event: 23.543 Thread 0x0000021bf6ce7d30 Uncommon trap: trap_request=0xffffff45 fr.pc=0x0000021ba1863df4 relative=0x0000000000001a94
Event: 23.543 Thread 0x0000021bf6ce7d30 Uncommon trap: reason=unstable_if action=reinterpret pc=0x0000021ba1863df4 method=org.objectweb.asm.ByteVector.putInt(I)Lorg/objectweb/asm/ByteVector; @ 13 c2
Event: 23.544 Thread 0x0000021bf6ce7d30 DEOPT PACKING pc=0x0000021ba1863df4 sp=0x000000dcf6ff8960
Event: 23.544 Thread 0x0000021bf6ce7d30 DEOPT UNPACKING pc=0x0000021ba0f25ba3 sp=0x000000dcf6ff87d8 mode 2
Event: 23.656 Thread 0x0000021bf6ce7d30 DEOPT PACKING pc=0x0000021b99f4e2e0 sp=0x000000dcf6ff87f0
Event: 23.656 Thread 0x0000021bf6ce7d30 DEOPT UNPACKING pc=0x0000021ba0f266e3 sp=0x000000dcf6ff7cf8 mode 0
Event: 23.876 Thread 0x0000021bf6ce7d30 DEOPT PACKING pc=0x0000021b99f4e2e0 sp=0x000000dcf6ff7660
Event: 23.876 Thread 0x0000021bf6ce7d30 DEOPT UNPACKING pc=0x0000021ba0f266e3 sp=0x000000dcf6ff6b68 mode 0
Event: 24.273 Thread 0x0000021bf6ce7d30 DEOPT PACKING pc=0x0000021b99f4e2e0 sp=0x000000dcf6ff87b0
Event: 24.273 Thread 0x0000021bf6ce7d30 DEOPT UNPACKING pc=0x0000021ba0f266e3 sp=0x000000dcf6ff7cb8 mode 0
Event: 24.371 Thread 0x0000021bf6ce7d30 Uncommon trap: trap_request=0xffffff45 fr.pc=0x0000021ba1552d38 relative=0x0000000000000218
Event: 24.371 Thread 0x0000021bf6ce7d30 Uncommon trap: reason=unstable_if action=reinterpret pc=0x0000021ba1552d38 method=java.util.StringTokenizer.scanToken(I)I @ 42 c2
Event: 24.371 Thread 0x0000021bf6ce7d30 DEOPT PACKING pc=0x0000021ba1552d38 sp=0x000000dcf6ff8270
Event: 24.371 Thread 0x0000021bf6ce7d30 DEOPT UNPACKING pc=0x0000021ba0f25ba3 sp=0x000000dcf6ff8200 mode 2
Event: 25.023 Thread 0x0000021bf6ce7d30 DEOPT PACKING pc=0x0000021b99f4e2e0 sp=0x000000dcf6ff6330
Event: 25.024 Thread 0x0000021bf6ce7d30 DEOPT UNPACKING pc=0x0000021ba0f266e3 sp=0x000000dcf6ff5838 mode 0
Event: 25.309 Thread 0x0000021bf6ce7d30 DEOPT PACKING pc=0x0000021b99f4e2e0 sp=0x000000dcf6ff49f0
Event: 25.309 Thread 0x0000021bf6ce7d30 DEOPT UNPACKING pc=0x0000021ba0f266e3 sp=0x000000dcf6ff3ef8 mode 0

Classes unloaded (0 events):
No events

Classes redefined (0 events):
No events

Internal exceptions (20 events):
Event: 22.222 Thread 0x0000021bf6ce7d30 Exception <a 'java/lang/ClassNotFoundException'{0x000000008dfee798}: com/android/build/gradle/internal/api/ApkVariantOutputImpl_DecoratedBeanInfo> (0x000000008dfee798) 
thrown [s\open\src\hotspot\share\classfile\systemDictionary.cpp, line 256]
Event: 22.223 Thread 0x0000021bf6ce7d30 Exception <a 'java/lang/ClassNotFoundException'{0x000000008dffca58}: com/android/build/gradle/internal/api/ApkVariantOutputImplBeanInfo> (0x000000008dffca58) 
thrown [s\open\src\hotspot\share\classfile\systemDictionary.cpp, line 256]
Event: 22.223 Thread 0x0000021bf6ce7d30 Exception <a 'java/lang/ClassNotFoundException'{0x000000008de0bcd0}: com/android/build/gradle/internal/api/BaseVariantOutputImplBeanInfo> (0x000000008de0bcd0) 
thrown [s\open\src\hotspot\share\classfile\systemDictionary.cpp, line 256]
Event: 22.224 Thread 0x0000021bf6ce7d30 Exception <a 'java/lang/ClassNotFoundException'{0x000000008de19f90}: com/android/build/gradle/internal/api/BaseVariantOutputImplCustomizer> (0x000000008de19f90) 
thrown [s\open\src\hotspot\share\classfile\systemDictionary.cpp, line 256]
Event: 22.225 Thread 0x0000021bf6ce7d30 Exception <a 'java/lang/ClassNotFoundException'{0x000000008de3aea0}: com/android/build/gradle/internal/api/ApkVariantOutputImplCustomizer> (0x000000008de3aea0) 
thrown [s\open\src\hotspot\share\classfile\systemDictionary.cpp, line 256]
Event: 22.225 Thread 0x0000021bf6ce7d30 Exception <a 'java/lang/ClassNotFoundException'{0x000000008de56e60}: com/android/build/gradle/internal/api/ApkVariantOutputImpl_DecoratedCustomizer> (0x000000008de56e60) 
thrown [s\open\src\hotspot\share\classfile\systemDictionary.cpp, line 256]
Event: 22.367 Thread 0x0000021bf6ce7d30 Exception <a 'java/lang/ClassNotFoundException'{0x000000008d666340}: com/android/build/gradle/internal/api/ReadOnlyBuildTypeBeanInfo> (0x000000008d666340) 
thrown [s\open\src\hotspot\share\classfile\systemDictionary.cpp, line 256]
Event: 22.367 Thread 0x0000021bf6ce7d30 Exception <a 'java/lang/ClassNotFoundException'{0x000000008d675ad8}: com/android/build/gradle/internal/api/ReadOnlyBaseConfigBeanInfo> (0x000000008d675ad8) 
thrown [s\open\src\hotspot\share\classfile\systemDictionary.cpp, line 256]
Event: 22.367 Thread 0x0000021bf6ce7d30 Exception <a 'java/lang/ClassNotFoundException'{0x000000008d6854e0}: com/android/build/gradle/internal/api/ReadOnlyBaseConfigCustomizer> (0x000000008d6854e0) 
thrown [s\open\src\hotspot\share\classfile\systemDictionary.cpp, line 256]
Event: 22.368 Thread 0x0000021bf6ce7d30 Exception <a 'java/lang/ClassNotFoundException'{0x000000008d6a5848}: com/android/build/gradle/internal/api/ReadOnlyBuildTypeCustomizer> (0x000000008d6a5848) 
thrown [s\open\src\hotspot\share\classfile\systemDictionary.cpp, line 256]
Event: 23.148 Thread 0x0000021bf6ce7d30 Exception <a 'java/lang/NoSuchMethodError'{0x000000008b760588}: 'java.lang.Object java.lang.invoke.DirectMethodHandle$Holder.newInvokeSpecial(java.lang.Object, java.lang.Object, java.lang.Object, java.lang.Object, java.lang.Object, java.lang.Object, int)'> (0x000000008b760588) 
thrown [s\open\src\hotspot\share\interpreter\linkResolver.cpp, line 759]
Event: 23.148 Thread 0x0000021bf6ce7d30 Exception <a 'java/lang/NoSuchMethodError'{0x000000008b765f90}: 'java.lang.Object java.lang.invoke.DirectMethodHandle$Holder.invokeSpecial(java.lang.Object, java.lang.Object, java.lang.Object, java.lang.Object, java.lang.Object, java.lang.Object, java.lang.Object, int)'> (0x000000008b765f90) 
thrown [s\open\src\hotspot\share\interpreter\linkResolver.cpp, line 759]
Event: 23.148 Thread 0x0000021bf6ce7d30 Exception <a 'java/lang/NoSuchMethodError'{0x000000008b76b368}: 'java.lang.Object java.lang.invoke.Invokers$Holder.linkToTargetMethod(java.lang.Object, java.lang.Object, java.lang.Object, java.lang.Object, java.lang.Object, int, java.lang.Object)'> (0x000000008b76b368) 
thrown [s\open\src\hotspot\share\interpreter\linkResolver.cpp, line 759]
Event: 23.524 Thread 0x0000021bf6ce7d30 Exception <a 'java/lang/IncompatibleClassChangeError'{0x000000008a8f2fe0}: Found class java.lang.Object, but interface was expected> (0x000000008a8f2fe0) 
thrown [s\open\src\hotspot\share\interpreter\linkResolver.cpp, line 826]
Event: 23.635 Thread 0x0000021bf6ce7d30 Exception <a 'sun/nio/fs/WindowsException'{0x000000008a2d9760}> (0x000000008a2d9760) 
thrown [s\open\src\hotspot\share\prims\jni.cpp, line 516]
Event: 23.851 Thread 0x0000021bf6ce7d30 Exception <a 'sun/nio/fs/WindowsException'{0x0000000089e1f178}> (0x0000000089e1f178) 
thrown [s\open\src\hotspot\share\prims\jni.cpp, line 516]
Event: 23.851 Thread 0x0000021bf6ce7d30 Exception <a 'sun/nio/fs/WindowsException'{0x0000000089e207a8}> (0x0000000089e207a8) 
thrown [s\open\src\hotspot\share\prims\jni.cpp, line 516]
Event: 23.851 Thread 0x0000021bf6ce7d30 Exception <a 'sun/nio/fs/WindowsException'{0x0000000089e21e28}> (0x0000000089e21e28) 
thrown [s\open\src\hotspot\share\prims\jni.cpp, line 516]
Event: 23.851 Thread 0x0000021bf6ce7d30 Exception <a 'sun/nio/fs/WindowsException'{0x0000000089e234a8}> (0x0000000089e234a8) 
thrown [s\open\src\hotspot\share\prims\jni.cpp, line 516]
Event: 25.001 Thread 0x0000021bf6ce7d30 Exception <a 'java/lang/NullPointerException'{0x00000000892a1720}> (0x00000000892a1720) 
thrown [s\open\src\hotspot\share\interpreter\linkResolver.cpp, line 1433]

VM Operations (20 events):
Event: 20.502 Executing VM operation: HandshakeAllThreads done
Event: 21.514 Executing VM operation: Cleanup
Event: 21.515 Executing VM operation: Cleanup done
Event: 22.112 Executing VM operation: G1CollectForAllocation
Event: 22.128 Executing VM operation: G1CollectForAllocation done
Event: 22.647 Executing VM operation: HandshakeAllThreads
Event: 22.647 Executing VM operation: HandshakeAllThreads done
Event: 22.927 Executing VM operation: ICBufferFull
Event: 22.927 Executing VM operation: ICBufferFull done
Event: 22.939 Executing VM operation: HandshakeAllThreads
Event: 22.939 Executing VM operation: HandshakeAllThreads done
Event: 23.597 Executing VM operation: ICBufferFull
Event: 23.597 Executing VM operation: ICBufferFull done
Event: 24.371 Executing VM operation: HandshakeAllThreads
Event: 24.371 Executing VM operation: HandshakeAllThreads done
Event: 25.351 Executing VM operation: HandshakeAllThreads
Event: 25.351 Executing VM operation: HandshakeAllThreads done
Event: 25.351 Executing VM operation: Cleanup
Event: 25.351 Executing VM operation: Cleanup done
Event: 26.210 Executing VM operation: G1CollectForAllocation

Events (20 events):
Event: 25.047 loading class javax/xml/transform/Result
Event: 25.047 loading class javax/xml/transform/Result done
Event: 25.048 loading class javax/xml/datatype/XMLGregorianCalendar
Event: 25.124 loading class javax/xml/datatype/XMLGregorianCalendar done
Event: 25.181 loading class javax/xml/namespace/NamespaceContext
Event: 25.188 loading class javax/xml/namespace/NamespaceContext done
Event: 25.191 loading class javax/xml/datatype/Duration
Event: 25.197 loading class javax/xml/datatype/Duration done
Event: 25.323 loading class java/lang/Short$ShortCache
Event: 25.328 loading class java/lang/Short$ShortCache done
Event: 25.342 loading class java/util/AbstractList$ListItr
Event: 25.347 loading class java/util/AbstractList$ListItr done
Event: 25.366 loading class jdk/internal/ValueBased
Event: 25.369 loading class jdk/internal/ValueBased done
Event: 25.385 loading class java/lang/Package$1PackageInfoProxy
Event: 25.386 loading class java/lang/Package$1PackageInfoProxy done
Event: 25.453 loading class org/xml/sax/Locator
Event: 25.457 loading class org/xml/sax/Locator done
Event: 25.465 loading class java/lang/InstantiationError
Event: 25.468 loading class java/lang/InstantiationError done


Dynamic libraries:
0x00007ff693060000 - 0x00007ff693070000 	C:\Program Files\Java\jdk-17\bin\java.exe
0x00007ffe51680000 - 0x00007ffe518e7000 	C:\WINDOWS\SYSTEM32\ntdll.dll
0x00007ffe50700000 - 0x00007ffe507c9000 	C:\WINDOWS\System32\KERNEL32.DLL
0x00007ffe4e1f0000 - 0x00007ffe4e5e1000 	C:\WINDOWS\System32\KERNELBASE.dll
0x00007ffe4e5f0000 - 0x00007ffe4e73b000 	C:\WINDOWS\System32\ucrtbase.dll
0x00007ffe399d0000 - 0x00007ffe399eb000 	C:\Program Files\Java\jdk-17\bin\VCRUNTIME140.dll
0x00007ffe39880000 - 0x00007ffe39899000 	C:\Program Files\Java\jdk-17\bin\jli.dll
0x00007ffe50e00000 - 0x00007ffe50ebb000 	C:\WINDOWS\System32\ADVAPI32.dll
0x00007ffe50650000 - 0x00007ffe506f9000 	C:\WINDOWS\System32\msvcrt.dll
0x00007ffe50a80000 - 0x00007ffe50b27000 	C:\WINDOWS\System32\sechost.dll
0x00007ffe507d0000 - 0x00007ffe508e8000 	C:\WINDOWS\System32\RPCRT4.dll
0x00007ffe4fbe0000 - 0x00007ffe4fda5000 	C:\WINDOWS\System32\USER32.dll
0x00007ffe4f3f0000 - 0x00007ffe4f417000 	C:\WINDOWS\System32\win32u.dll
0x00007ffe366f0000 - 0x00007ffe36983000 	C:\WINDOWS\WinSxS\amd64_microsoft.windows.common-controls_6595b64144ccf1df_6.0.26100.7922_none_3e089e1ee3342171\COMCTL32.dll
0x00007ffe50060000 - 0x00007ffe5008b000 	C:\WINDOWS\System32\GDI32.dll
0x00007ffe4df60000 - 0x00007ffe4e08a000 	C:\WINDOWS\System32\gdi32full.dll
0x00007ffe4e090000 - 0x00007ffe4e133000 	C:\WINDOWS\System32\msvcp_win.dll
0x00007ffe44090000 - 0x00007ffe4409b000 	C:\WINDOWS\SYSTEM32\VERSION.dll
0x00007ffe512e0000 - 0x00007ffe51311000 	C:\WINDOWS\System32\IMM32.DLL
0x00007ffe3ae60000 - 0x00007ffe3ae6c000 	C:\Program Files\Java\jdk-17\bin\vcruntime140_1.dll
0x00007ffdf1370000 - 0x00007ffdf13fe000 	C:\Program Files\Java\jdk-17\bin\msvcp140.dll
0x00007ffd891d0000 - 0x00007ffd89db0000 	C:\Program Files\Java\jdk-17\bin\server\jvm.dll
0x00007ffe50050000 - 0x00007ffe50058000 	C:\WINDOWS\System32\PSAPI.DLL
0x00007ffe400d0000 - 0x00007ffe40105000 	C:\WINDOWS\SYSTEM32\WINMM.dll
0x00007ffe297e0000 - 0x00007ffe297ea000 	C:\WINDOWS\SYSTEM32\WSOCK32.dll
0x00007ffe514c0000 - 0x00007ffe51534000 	C:\WINDOWS\System32\WS2_32.dll
0x00007ffe4ce10000 - 0x00007ffe4ce2b000 	C:\WINDOWS\SYSTEM32\kernel.appcore.dll
0x00007ffe39ea0000 - 0x00007ffe39eaa000 	C:\Program Files\Java\jdk-17\bin\jimage.dll
0x00007ffe4bd70000 - 0x00007ffe4bfb2000 	C:\WINDOWS\SYSTEM32\DBGHELP.DLL
0x00007ffe50f50000 - 0x00007ffe512d2000 	C:\WINDOWS\System32\combase.dll
0x00007ffe500e0000 - 0x00007ffe501b7000 	C:\WINDOWS\System32\OLEAUT32.dll
0x00007ffe0c220000 - 0x00007ffe0c25b000 	C:\WINDOWS\SYSTEM32\dbgcore.DLL
0x00007ffe4e140000 - 0x00007ffe4e1e5000 	C:\WINDOWS\System32\bcryptPrimitives.dll
0x00007ffe398a0000 - 0x00007ffe398ae000 	C:\Program Files\Java\jdk-17\bin\instrument.dll
0x00007ffe39900000 - 0x00007ffe39925000 	C:\Program Files\Java\jdk-17\bin\java.dll
0x00007ffdf0bf0000 - 0x00007ffdf0cc7000 	C:\Program Files\Java\jdk-17\bin\jsvml.dll
0x00007ffe4f420000 - 0x00007ffe4fb7f000 	C:\WINDOWS\System32\SHELL32.dll
0x00007ffe4f280000 - 0x00007ffe4f3ea000 	C:\WINDOWS\System32\wintypes.dll
0x00007ffe4ea10000 - 0x00007ffe4f274000 	C:\WINDOWS\System32\windows.storage.dll
0x00007ffe51540000 - 0x00007ffe51637000 	C:\WINDOWS\System32\SHCORE.dll
0x00007ffe50bc0000 - 0x00007ffe50c27000 	C:\WINDOWS\System32\shlwapi.dll
0x00007ffe4de80000 - 0x00007ffe4dea9000 	C:\WINDOWS\SYSTEM32\profapi.dll
0x00007ffe398e0000 - 0x00007ffe398f8000 	C:\Program Files\Java\jdk-17\bin\zip.dll
0x00007ffe446f0000 - 0x00007ffe44709000 	C:\Program Files\Java\jdk-17\bin\net.dll
0x00007ffe44e60000 - 0x00007ffe44f87000 	C:\WINDOWS\SYSTEM32\WINHTTP.dll
0x00007ffe4d380000 - 0x00007ffe4d3eb000 	C:\WINDOWS\system32\mswsock.dll
0x00007ffe42900000 - 0x00007ffe42916000 	C:\Program Files\Java\jdk-17\bin\nio.dll
0x00007ffe399c0000 - 0x00007ffe399d0000 	C:\Program Files\Java\jdk-17\bin\verify.dll
0x00007ffe24bb0000 - 0x00007ffe24bd7000 	C:\Users\krish\.gradle\native\1def1411415f61bf3af743bc5b6707747c0891f09f0c88961ee8f79bc544acac\windows-amd64\native-platform.dll
0x00007ffde8530000 - 0x00007ffde85a8000 	C:\Users\krish\.gradle\native\0.2.7\x86_64-windows-gnu\gradle-fileevents.dll
0x00007ffe398d0000 - 0x00007ffe398da000 	C:\Program Files\Java\jdk-17\bin\management.dll
0x00007ffe398c0000 - 0x00007ffe398cb000 	C:\Program Files\Java\jdk-17\bin\management_ext.dll
0x00007ffe4c7f0000 - 0x00007ffe4c823000 	C:\WINDOWS\SYSTEM32\IPHLPAPI.DLL
0x00007ffe50d90000 - 0x00007ffe50d9a000 	C:\WINDOWS\System32\NSI.dll
0x00007ffe45e40000 - 0x00007ffe45e5d000 	C:\WINDOWS\SYSTEM32\dhcpcsvc6.DLL
0x00007ffe45ca0000 - 0x00007ffe45cc3000 	C:\WINDOWS\SYSTEM32\dhcpcsvc.DLL
0x00007ffe4c8d0000 - 0x00007ffe4c9fa000 	C:\WINDOWS\SYSTEM32\DNSAPI.dll
0x00007ffe4d670000 - 0x00007ffe4d68b000 	C:\WINDOWS\SYSTEM32\CRYPTSP.dll
0x00007ffe4cd70000 - 0x00007ffe4cda9000 	C:\WINDOWS\system32\rsaenh.dll
0x00007ffe4d430000 - 0x00007ffe4d462000 	C:\WINDOWS\SYSTEM32\USERENV.dll
0x00007ffe4de50000 - 0x00007ffe4de7a000 	C:\WINDOWS\SYSTEM32\bcrypt.dll
0x00007ffe4d660000 - 0x00007ffe4d66c000 	C:\WINDOWS\SYSTEM32\CRYPTBASE.dll
0x00007ffe39870000 - 0x00007ffe3987e000 	C:\Program Files\Java\jdk-17\bin\sunmscapi.dll
0x00007ffe4e890000 - 0x00007ffe4ea07000 	C:\WINDOWS\System32\CRYPT32.dll
0x00007ffe4d880000 - 0x00007ffe4d8b0000 	C:\WINDOWS\SYSTEM32\ncrypt.dll
0x00007ffe4d830000 - 0x00007ffe4d86f000 	C:\WINDOWS\SYSTEM32\NTASN1.dll
0x00007ffe31570000 - 0x00007ffe31578000 	C:\WINDOWS\system32\wshunix.dll

dbghelp: loaded successfully - version: 4.0.5 - missing functions: none
symbol engine: initialized successfully - sym options: 0x614 - pdb path: .;C:\Program Files\Java\jdk-17\bin;C:\WINDOWS\SYSTEM32;C:\WINDOWS\WinSxS\amd64_microsoft.windows.common-controls_6595b64144ccf1df_6.0.26100.7922_none_3e089e1ee3342171;C:\Program Files\Java\jdk-17\bin\server;C:\Users\krish\.gradle\native\1def1411415f61bf3af743bc5b6707747c0891f09f0c88961ee8f79bc544acac\windows-amd64;C:\Users\krish\.gradle\native\0.2.7\x86_64-windows-gnu

VM Arguments:
jvm_args: --add-opens=java.base/java.lang=ALL-UNNAMED --add-opens=java.base/java.lang.invoke=ALL-UNNAMED --add-opens=java.base/java.util=ALL-UNNAMED --add-opens=java.prefs/java.util.prefs=ALL-UNNAMED --add-exports=jdk.compiler/com.sun.tools.javac.api=ALL-UNNAMED --add-exports=jdk.compiler/com.sun.tools.javac.util=ALL-UNNAMED --add-opens=java.base/java.util=ALL-UNNAMED --add-opens=java.prefs/java.util.prefs=ALL-UNNAMED --add-opens=java.base/java.nio.charset=ALL-UNNAMED --add-opens=java.base/java.net=ALL-UNNAMED --add-opens=java.base/java.util.concurrent.atomic=ALL-UNNAMED --add-opens=java.xml/javax.xml.namespace=ALL-UNNAMED -Xmx2048m -Dfile.encoding=UTF-8 -Duser.country=IN -Duser.language=en -Duser.variant -javaagent:C:\Users\krish\.gradle\wrapper\dists\gradle-8.13-bin\5xuhj0ry160q40clulazy9h7d\gradle-8.13\lib\agents\gradle-instrumentation-agent-8.13.jar 
java_command: org.gradle.launcher.daemon.bootstrap.GradleDaemon 8.13
java_class_path (initial): C:\Users\krish\.gradle\wrapper\dists\gradle-8.13-bin\5xuhj0ry160q40clulazy9h7d\gradle-8.13\lib\gradle-daemon-main-8.13.jar
Launcher Type: SUN_STANDARD

[Global flags]
     intx CICompilerCount                          = 4                                         {product} {ergonomic}
     uint ConcGCThreads                            = 3                                         {product} {ergonomic}
     uint G1ConcRefinementThreads                  = 10                                        {product} {ergonomic}
   size_t G1HeapRegionSize                         = 1048576                                   {product} {ergonomic}
    uintx GCDrainStackTargetSize                   = 64                                        {product} {ergonomic}
   size_t InitialHeapSize                          = 130023424                                 {product} {ergonomic}
   size_t MarkStackSize                            = 4194304                                   {product} {ergonomic}
   size_t MaxHeapSize                              = 2147483648                                {product} {command line}
   size_t MaxNewSize                               = 1287651328                                {product} {ergonomic}
   size_t MinHeapDeltaBytes                        = 1048576                                   {product} {ergonomic}
   size_t MinHeapSize                              = 8388608                                   {product} {ergonomic}
    uintx NonNMethodCodeHeapSize                   = 5839372                                {pd product} {ergonomic}
    uintx NonProfiledCodeHeapSize                  = 122909434                              {pd product} {ergonomic}
    uintx ProfiledCodeHeapSize                     = 122909434                              {pd product} {ergonomic}
    uintx ReservedCodeCacheSize                    = 251658240                              {pd product} {ergonomic}
     bool SegmentedCodeCache                       = true                                      {product} {ergonomic}
   size_t SoftMaxHeapSize                          = 2147483648                             {manageable} {ergonomic}
     bool UseCompressedClassPointers               = true                           {product lp64_product} {ergonomic}
     bool UseCompressedOops                        = true                           {product lp64_product} {ergonomic}
     bool UseG1GC                                  = true                                      {product} {ergonomic}
     bool UseLargePagesIndividualAllocation        = false                                  {pd product} {ergonomic}

Logging:
Log output configuration:
 #0: stdout all=warning uptime,level,tags
 #1: stderr all=off uptime,level,tags

Environment Variables:
JAVA_HOME=C:\Program Files\Java\jdk-17
PATH=C:\Program Files\NVIDIA GPU Computing Toolkit\CUDA\v12.1\bin;C:\Program Files\NVIDIA GPU Computing Toolkit\CUDA\v12.1\libnvvp;C:\Program Files\Common Files\Oracle\Java\javapath;C:\Program Files (x86)\Common Files\Oracle\Java\javapath;C:\Windows\system32;C:\Windows;C:\Windows\System32\Wbem;C:\Windows\System32\WindowsPowerShell\v1.0\;C:\Windows\System32\OpenSSH\;C:\Program Files\Git\cmd;C:\Program Files\Git\mingw64\bin;C:\Program Files\Git\usr\bin;C:\Program Files\Java\jdk-17\bin;C:\both\apktool;C:\android\sdk\cmdline-tools\latest\bin;C:\Androi\platform-tools;C:\WINDOWS\system32;C:\WINDOWS;C:\WINDOWS\System32\Wbem;C:\WINDOWS\System32\WindowsPowerShell\v1.0\;C:\WINDOWS\System32\OpenSSH\;C:\Program Files\GitHub CLI\;C:\Program Files\dotnet\;C:\Program Files (x86)\Microsoft Visual Studio\2022\BuildTools\VC\Tools\MSVC\14.42.34433\bin\Hostx64\x64;C:\Program Files\NVIDIA Corporation\Nsight Compute 2023.1.1\;C:\Program Files (x86)\NVIDIA Corporation\PhysX\Common;C:\Program Files\NVIDIA Corporation\NVIDIA NvDLISR;C:\Program Files (x86)\Microsoft Visual Studio\2022\BuildTools\Common7\Tools\;C:\ProgramData\chocolatey\bin;npm.ps1;C:\Program Files\Apache\Maven\apache-maven-3.9.9\bin;C:\Program Files (x86)\Windows Kits\10\Windows Performance Toolkit\;C:\Program Files\Redis;C:\xampp\php;C:\ProgramData\ComposerSetup\bin;C:\Program Files (x86)\PuTTY\;C:\Program Files\Amazon\AWSCLIV2\;C:\Program Files\MongoDB\Server\8.2\bin;C:\Users\go\bin;C:\Users\krish\AppData\Local\nvm;C:\nvm4w\nodejs;C:\Program Files\Docker\Docker\resources\bin;C:\Users\krish\Downloads\Repo;C:\Users\krish\Downloads\Repo\merge-apks\;C:\Users\krish\AppData\Local\Android\Sdk\build-tools\35.0.0;C:\Users\krish\Downloads\Repo\merge-apks;C:\Users\krish\AppData\Local\Programs\Python\Python313\Scripts\;C:\Users\krish\AppData\Local\Programs\Python\Python313\;C:\Users\krish\AppData\Local\Programs\Python\Launcher\;C:\Users\krish\AppData\Local\Microsoft\WindowsApps;C:\Users\krish\AppData\Local\Programs\Microsoft VS Code\bin;
USERNAME=krish
LANG=en_US.UTF-8
OS=Windows_NT
PROCESSOR_IDENTIFIER=Intel64 Family 6 Model 141 Stepping 1, GenuineIntel



---------------  S Y S T E M  ---------------

OS:
 Windows 11 , 64 bit Build 26100 (10.0.26100.7920)
OS uptime: 7 days 8:58 hours
Hyper-V role detected

CPU: total 12 (initial active 12) (6 cores per cpu, 2 threads per core) family 6 model 141 stepping 1 microcode 0x50, cx8, cmov, fxsr, ht, mmx, 3dnowpref, sse, sse2, sse3, ssse3, sse4.1, sse4.2, popcnt, lzcnt, tsc, tscinvbit, avx, avx2, aes, erms, clmul, bmi1, bmi2, adx, avx512f, avx512dq, avx512cd, avx512bw, avx512vl, sha, fma, vzeroupper, avx512_vpopcntdq, avx512_vpclmulqdq, avx512_vaes, avx512_vnni, clflush, clflushopt, clwb, avx512_vbmi2, avx512_vbmi, hv

Memory: 4k page, system-wide physical 7913M (6M free)
TotalPageFile size 32489M (AvailPageFile size 3M)
current process WorkingSet (physical memory assigned to process): 197M, peak: 295M
current process commit charge ("private bytes"): 521M, peak: 527M

vm_info: Java HotSpot(TM) 64-Bit Server VM (17.0.12+8-LTS-286) for windows-amd64 JRE (17.0.12+8-LTS-286), built on Jun  5 2024 06:46:59 by "mach5one" with MS VC++ 17.6 (VS2022)

END.
